<?xml version="1.0" encoding="UTF-8"?>
<!-- Generated by org.testng.reporters.JUnitXMLReporter -->
<testsuite hostname="ADMINIB-D2MM1F7" name="Test02" tests="3" failures="1" timestamp="26 Jun 2016 15:50:57 GMT" time="94.112" errors="0">
  <testcase name="login_bp" time="0.0" classname="Maven_package.Test_GPP_Validation_Power_System">
    <skipped/>
  </testcase> <!-- login_bp -->
  <testcase name="login_w3" time="0.0" classname="Maven_package.Test_GPP_Validation_Power_System">
    <skipped/>
  </testcase> <!-- login_w3 -->
  <testcase name="gpp_validation" time="74.331" classname="Maven_package.Test_GPP_Validation_Power_System">
    <failure type="org.openqa.selenium.WebDriverException" message="Element is not clickable at point (412.5, 146.98333740234375). Other element would receive the click: &amp;lt;div id=&amp;quot;results-loading&amp;quot; class=&amp;quot;dealreg-load&amp;quot; style=&amp;quot;opacity: 0.9;&amp;quot;&amp;gt;&amp;lt;/div&amp;gt;
Command duration or timeout: 74 milliseconds
Build info: version: &amp;apos;2.52.0&amp;apos;, revision: &amp;apos;4c2593cfc3689a7fcd7be52549167e5ccc93ad28&amp;apos;, time: &amp;apos;2016-02-11 11:22:43&amp;apos;
System info: host: &amp;apos;ADMINIB-D2MM1F7&amp;apos;, ip: &amp;apos;9.84.228.135&amp;apos;, os.name: &amp;apos;Windows 7&amp;apos;, os.arch: &amp;apos;amd64&amp;apos;, os.version: &amp;apos;6.1&amp;apos;, java.version: &amp;apos;1.7.0_51&amp;apos;
Session ID: b9539e51-66e1-44ee-b179-8bae1e50a5f4
Driver info: org.openqa.selenium.firefox.FirefoxDriver
Capabilities [{platform=WINDOWS, acceptSslCerts=true, javascriptEnabled=true, cssSelectorsEnabled=true, databaseEnabled=true, browserName=firefox, handlesAlerts=true, nativeEvents=false, webStorageEnabled=true, rotatable=false, locationContextEnabled=true, applicationCacheEnabled=true, takesScreenshot=true, version=31.8.0}]">
      <![CDATA[org.openqa.selenium.WebDriverException: Element is not clickable at point (412.5, 146.98333740234375). Other element would receive the click: <div id="results-loading" class="dealreg-load" style="opacity: 0.9;"></div>
Command duration or timeout: 74 milliseconds
Build info: version: '2.52.0', revision: '4c2593cfc3689a7fcd7be52549167e5ccc93ad28', time: '2016-02-11 11:22:43'
System info: host: 'ADMINIB-D2MM1F7', ip: '9.84.228.135', os.name: 'Windows 7', os.arch: 'amd64', os.version: '6.1', java.version: '1.7.0_51'
Session ID: b9539e51-66e1-44ee-b179-8bae1e50a5f4
Driver info: org.openqa.selenium.firefox.FirefoxDriver
Capabilities [{platform=WINDOWS, acceptSslCerts=true, javascriptEnabled=true, cssSelectorsEnabled=true, databaseEnabled=true, browserName=firefox, handlesAlerts=true, nativeEvents=false, webStorageEnabled=true, rotatable=false, locationContextEnabled=true, applicationCacheEnabled=true, takesScreenshot=true, version=31.8.0}]
	at org.openqa.selenium.remote.ErrorHandler.createThrowable(ErrorHandler.java:206)
	at org.openqa.selenium.remote.ErrorHandler.throwIfResponseFailed(ErrorHandler.java:158)
	at org.openqa.selenium.remote.RemoteWebDriver.execute(RemoteWebDriver.java:678)
	at org.openqa.selenium.remote.RemoteWebElement.execute(RemoteWebElement.java:327)
	at org.openqa.selenium.remote.RemoteWebElement.click(RemoteWebElement.java:85)
	at Maven_package.Test_GPP_Validation_Power_System.gpp_validation(Test_GPP_Validation_Power_System.java:71)
	at java.util.concurrent.FutureTask.run(FutureTask.java:262)
	at java.util.concurrent.ThreadPoolExecutor.runWorker(ThreadPoolExecutor.java:1145)
	at java.util.concurrent.ThreadPoolExecutor$Worker.run(ThreadPoolExecutor.java:615)
	at java.lang.Thread.run(Thread.java:744)
... Removed 20 stack frames]]>
    </failure>
  </testcase> <!-- gpp_validation -->
</testsuite> <!-- Test02 -->
