<html>
<head>
<title>TestNG:  Command line test</title>
<link href="../testng.css" rel="stylesheet" type="text/css" />
<link href="../my-testng.css" rel="stylesheet" type="text/css" />

<style type="text/css">
.log { display: none;} 
.stack-trace { display: none;} 
</style>
<script type="text/javascript">
<!--
function flip(e) {
  current = e.style.display;
  if (current == 'block') {
    e.style.display = 'none';
    return 0;
  }
  else {
    e.style.display = 'block';
    return 1;
  }
}

function toggleBox(szDivId, elem, msg1, msg2)
{
  var res = -1;  if (document.getElementById) {
    res = flip(document.getElementById(szDivId));
  }
  else if (document.all) {
    // this is the way old msie versions work
    res = flip(document.all[szDivId]);
  }
  if(elem) {
    if(res == 0) elem.innerHTML = msg1; else elem.innerHTML = msg2;
  }

}

function toggleAllBoxes() {
  if (document.getElementsByTagName) {
    d = document.getElementsByTagName('div');
    for (i = 0; i < d.length; i++) {
      if (d[i].className == 'log') {
        flip(d[i]);
      }
    }
  }
}

// -->
</script>

</head>
<body>
<h2 align='center'>Command line test</h2><table border='1' align="center">
<tr>
<td>Tests passed/Failed/Skipped:</td><td>0/0/44</td>
</tr><tr>
<td>Started on:</td><td>Thu Sep 01 17:11:00 IST 2016</td>
</tr>
<tr><td>Total time:</td><td>62 seconds (62390 ms)</td>
</tr><tr>
<td>Included groups:</td><td></td>
</tr><tr>
<td>Excluded groups:</td><td></td>
</tr>
</table><p/>
<small><i>(Hover the method name to see the test class name)</i></small><p/>
<table width='100%' border='1' class='invocation-failed'>
<tr><td colspan='4' align='center'><b>FAILED CONFIGURATIONS</b></td></tr>
<tr><td><b>Test method</b></td>
<td width="30%"><b>Exception</b></td>
<td width="10%"><b>Time (seconds)</b></td>
<td><b>Instance</b></td>
</tr>
<tr>
<td title='maven_package_2.TestAddComment.startBrowser()'><b>startBrowser</b><br>Test class: maven_package_2.TestAddComment</td>
<td><div><pre>org.openqa.selenium.WebDriverException: unknown error: unable to discover open pages
  (Driver info: chromedriver=2.11.298604 (75ea2fdb5c87f133a8e1b8da16f6091fb7d5321e),platform=Windows NT 6.1 SP1 x86_64) (WARNING: The server did not provide any stacktrace information)
Command duration or timeout: 60.97 seconds
Build info: version: &apos;2.53.0&apos;, revision: &apos;35ae25b1534ae328c771e0856c93e187490ca824&apos;, time: &apos;2016-03-15 10:43:46&apos;
System info: host: &apos;ADMINIB-D2MM1F7&apos;, ip: &apos;9.120.231.200&apos;, os.name: &apos;Windows 7&apos;, os.arch: &apos;amd64&apos;, os.version: &apos;6.1&apos;, java.version: &apos;1.7.0_51&apos;
Driver info: org.openqa.selenium.chrome.ChromeDriver
	at org.openqa.selenium.remote.ErrorHandler.createThrowable(ErrorHandler.java:206)
	at org.openqa.selenium.remote.ErrorHandler.throwIfResponseFailed(ErrorHandler.java:158)
	at org.openqa.selenium.remote.RemoteWebDriver.execute(RemoteWebDriver.java:678)
	at org.openqa.selenium.remote.RemoteWebDriver.startSession(RemoteWebDriver.java:249)
	at org.openqa.selenium.remote.RemoteWebDriver.&lt;init&gt;(RemoteWebDriver.java:131)
	at org.openqa.selenium.remote.RemoteWebDriver.&lt;init&gt;(RemoteWebDriver.java:144)
	at org.openqa.selenium.chrome.ChromeDriver.&lt;init&gt;(ChromeDriver.java:170)
	at org.openqa.selenium.chrome.ChromeDriver.&lt;init&gt;(ChromeDriver.java:159)
	at org.openqa.selenium.chrome.ChromeDriver.&lt;init&gt;(ChromeDriver.java:116)
	at maven_package_2.TestAddComment.startBrowser(TestAddComment.java:40)
... Removed 36 stack frames</pre></div><a href='#' onClick='toggleBox("stack-trace1957881296", this, "Click to show all stack frames", "Click to hide stack frames")'>Click to show all stack frames</a>
<div class='stack-trace' id='stack-trace1957881296'><pre>org.openqa.selenium.WebDriverException: unknown error: unable to discover open pages
  (Driver info: chromedriver=2.11.298604 (75ea2fdb5c87f133a8e1b8da16f6091fb7d5321e),platform=Windows NT 6.1 SP1 x86_64) (WARNING: The server did not provide any stacktrace information)
Command duration or timeout: 60.97 seconds
Build info: version: &apos;2.53.0&apos;, revision: &apos;35ae25b1534ae328c771e0856c93e187490ca824&apos;, time: &apos;2016-03-15 10:43:46&apos;
System info: host: &apos;ADMINIB-D2MM1F7&apos;, ip: &apos;9.120.231.200&apos;, os.name: &apos;Windows 7&apos;, os.arch: &apos;amd64&apos;, os.version: &apos;6.1&apos;, java.version: &apos;1.7.0_51&apos;
Driver info: org.openqa.selenium.chrome.ChromeDriver
	at sun.reflect.NativeConstructorAccessorImpl.newInstance0(Native Method)
	at sun.reflect.NativeConstructorAccessorImpl.newInstance(NativeConstructorAccessorImpl.java:57)
	at sun.reflect.DelegatingConstructorAccessorImpl.newInstance(DelegatingConstructorAccessorImpl.java:45)
	at java.lang.reflect.Constructor.newInstance(Constructor.java:526)
	at org.openqa.selenium.remote.ErrorHandler.createThrowable(ErrorHandler.java:206)
	at org.openqa.selenium.remote.ErrorHandler.throwIfResponseFailed(ErrorHandler.java:158)
	at org.openqa.selenium.remote.RemoteWebDriver.execute(RemoteWebDriver.java:678)
	at org.openqa.selenium.remote.RemoteWebDriver.startSession(RemoteWebDriver.java:249)
	at org.openqa.selenium.remote.RemoteWebDriver.&lt;init&gt;(RemoteWebDriver.java:131)
	at org.openqa.selenium.remote.RemoteWebDriver.&lt;init&gt;(RemoteWebDriver.java:144)
	at org.openqa.selenium.chrome.ChromeDriver.&lt;init&gt;(ChromeDriver.java:170)
	at org.openqa.selenium.chrome.ChromeDriver.&lt;init&gt;(ChromeDriver.java:159)
	at org.openqa.selenium.chrome.ChromeDriver.&lt;init&gt;(ChromeDriver.java:116)
	at maven_package_2.TestAddComment.startBrowser(TestAddComment.java:40)
	at sun.reflect.NativeMethodAccessorImpl.invoke0(Native Method)
	at sun.reflect.NativeMethodAccessorImpl.invoke(NativeMethodAccessorImpl.java:57)
	at sun.reflect.DelegatingMethodAccessorImpl.invoke(DelegatingMethodAccessorImpl.java:43)
	at java.lang.reflect.Method.invoke(Method.java:606)
	at org.testng.internal.MethodInvocationHelper.invokeMethod(MethodInvocationHelper.java:86)
	at org.testng.internal.Invoker.invokeConfigurationMethod(Invoker.java:514)
	at org.testng.internal.Invoker.invokeConfigurations(Invoker.java:215)
	at org.testng.internal.Invoker.invokeConfigurations(Invoker.java:142)
	at org.testng.TestRunner.beforeRun(TestRunner.java:656)
	at org.testng.TestRunner.run(TestRunner.java:624)
	at org.testng.SuiteRunner.runTest(SuiteRunner.java:366)
	at org.testng.SuiteRunner.runSequentially(SuiteRunner.java:361)
	at org.testng.SuiteRunner.privateRun(SuiteRunner.java:319)
	at org.testng.SuiteRunner.run(SuiteRunner.java:268)
	at org.testng.SuiteRunnerWorker.runSuite(SuiteRunnerWorker.java:52)
	at org.testng.SuiteRunnerWorker.run(SuiteRunnerWorker.java:86)
	at org.testng.TestNG.runSuitesSequentially(TestNG.java:1244)
	at org.testng.TestNG.runSuitesLocally(TestNG.java:1169)
	at org.testng.TestNG.run(TestNG.java:1064)
	at org.apache.maven.surefire.testng.TestNGExecutor.run(TestNGExecutor.java:77)
	at org.apache.maven.surefire.testng.TestNGDirectoryTestSuite.executeMulti(TestNGDirectoryTestSuite.java:159)
	at org.apache.maven.surefire.testng.TestNGDirectoryTestSuite.execute(TestNGDirectoryTestSuite.java:99)
	at org.apache.maven.surefire.testng.TestNGProvider.invoke(TestNGProvider.java:106)
	at sun.reflect.NativeMethodAccessorImpl.invoke0(Native Method)
	at sun.reflect.NativeMethodAccessorImpl.invoke(NativeMethodAccessorImpl.java:57)
	at sun.reflect.DelegatingMethodAccessorImpl.invoke(DelegatingMethodAccessorImpl.java:43)
	at java.lang.reflect.Method.invoke(Method.java:606)
	at org.apache.maven.surefire.util.ReflectionUtils.invokeMethodWithArray(ReflectionUtils.java:189)
	at org.apache.maven.surefire.booter.ProviderFactory$ProviderProxy.invoke(ProviderFactory.java:165)
	at org.apache.maven.surefire.booter.ProviderFactory.invokeProvider(ProviderFactory.java:85)
	at org.apache.maven.surefire.booter.ForkedBooter.runSuitesInProcess(ForkedBooter.java:115)
	at org.apache.maven.surefire.booter.ForkedBooter.main(ForkedBooter.java:75)
</pre></div></td>
<td>0</td>
<td>null</td></tr>
</table><p>
<table width='100%' border='1' class='invocation-skipped'>
<tr><td colspan='4' align='center'><b>SKIPPED CONFIGURATIONS</b></td></tr>
<tr><td><b>Test method</b></td>
<td width="30%"><b>Exception</b></td>
<td width="10%"><b>Time (seconds)</b></td>
<td><b>Instance</b></td>
</tr>
<tr>
<td title='maven_package_2.TestAddComment.startBrowser()'><b>startBrowser</b><br>Test class: maven_package_2.TestAddComment</td>
<td></td>
<td>0</td>
<td>null</td></tr>
<tr>
<td title='maven_package_2.TestAddComment.startBrowser()'><b>startBrowser</b><br>Test class: maven_package_2.TestAddComment</td>
<td></td>
<td>0</td>
<td>null</td></tr>
<tr>
<td title='maven_package_2.TestAddComment.startBrowser()'><b>startBrowser</b><br>Test class: maven_package_2.TestAddComment</td>
<td></td>
<td>0</td>
<td>null</td></tr>
<tr>
<td title='maven_package_2.TestAddComment.startBrowser()'><b>startBrowser</b><br>Test class: maven_package_2.TestAddComment</td>
<td></td>
<td>0</td>
<td>null</td></tr>
<tr>
<td title='maven_package_2.TestAddComment.startBrowser()'><b>startBrowser</b><br>Test class: maven_package_2.TestAddComment</td>
<td></td>
<td>0</td>
<td>null</td></tr>
<tr>
<td title='maven_package_2.TestAddComment.startBrowser()'><b>startBrowser</b><br>Test class: maven_package_2.TestAddComment</td>
<td></td>
<td>0</td>
<td>null</td></tr>
<tr>
<td title='maven_package_2.TestAddComment.startBrowser()'><b>startBrowser</b><br>Test class: maven_package_2.TestAddComment</td>
<td></td>
<td>0</td>
<td>null</td></tr>
<tr>
<td title='maven_package_2.TestAddComment.startBrowser()'><b>startBrowser</b><br>Test class: maven_package_2.TestAddComment</td>
<td></td>
<td>0</td>
<td>null</td></tr>
<tr>
<td title='maven_package_2.TestAddComment.startBrowser()'><b>startBrowser</b><br>Test class: maven_package_2.TestAddComment</td>
<td></td>
<td>0</td>
<td>null</td></tr>
<tr>
<td title='maven_package_2.TestAddComment.startBrowser()'><b>startBrowser</b><br>Test class: maven_package_2.TestAddComment</td>
<td></td>
<td>0</td>
<td>null</td></tr>
<tr>
<td title='maven_package_2.TestAddComment.startBrowser()'><b>startBrowser</b><br>Test class: maven_package_2.TestAddComment</td>
<td></td>
<td>0</td>
<td>null</td></tr>
<tr>
<td title='maven_package_2.TestAddComment.startBrowser()'><b>startBrowser</b><br>Test class: maven_package_2.TestAddComment</td>
<td></td>
<td>0</td>
<td>null</td></tr>
<tr>
<td title='maven_package_2.TestAddComment.startBrowser()'><b>startBrowser</b><br>Test class: maven_package_2.TestAddComment</td>
<td></td>
<td>0</td>
<td>null</td></tr>
<tr>
<td title='maven_package_2.TestAddComment.startBrowser()'><b>startBrowser</b><br>Test class: maven_package_2.TestAddComment</td>
<td></td>
<td>0</td>
<td>null</td></tr>
<tr>
<td title='maven_package_2.TestAddComment.startBrowser()'><b>startBrowser</b><br>Test class: maven_package_2.TestAddComment</td>
<td></td>
<td>0</td>
<td>null</td></tr>
<tr>
<td title='maven_package_2.TestAddComment.startBrowser()'><b>startBrowser</b><br>Test class: maven_package_2.TestAddComment</td>
<td></td>
<td>0</td>
<td>null</td></tr>
<tr>
<td title='maven_package_2.TestAddComment.startBrowser()'><b>startBrowser</b><br>Test class: maven_package_2.TestAddComment</td>
<td></td>
<td>0</td>
<td>null</td></tr>
<tr>
<td title='maven_package_2.TestAddComment.startBrowser()'><b>startBrowser</b><br>Test class: maven_package_2.TestAddComment</td>
<td></td>
<td>0</td>
<td>null</td></tr>
<tr>
<td title='maven_package_2.TestAddComment.startBrowser()'><b>startBrowser</b><br>Test class: maven_package_2.TestAddComment</td>
<td></td>
<td>0</td>
<td>null</td></tr>
<tr>
<td title='maven_package_2.TestAddComment.startBrowser()'><b>startBrowser</b><br>Test class: maven_package_2.TestAddComment</td>
<td></td>
<td>0</td>
<td>null</td></tr>
</table><p>
<table width='100%' border='1' class='invocation-skipped'>
<tr><td colspan='4' align='center'><b>SKIPPED TESTS</b></td></tr>
<tr><td><b>Test method</b></td>
<td width="30%"><b>Exception</b></td>
<td width="10%"><b>Time (seconds)</b></td>
<td><b>Instance</b></td>
</tr>
<tr>
<td title='maven_package_1.Test_default_template_for_update_LinuxONE.Default_template_LinuxONE_update()'><b>Default_template_LinuxONE_update</b><br>Test class: maven_package_1.Test_default_template_for_update_LinuxONE</td>
<td></td>
<td>0</td>
<td>maven_package_1.Test_default_template_for_update_LinuxONE@225ac214</td></tr>
<tr>
<td title='maven_package_1.Test_default_template_for_update_system_storage.Default_template_LinuxONE_update()'><b>Default_template_LinuxONE_update</b><br>Test class: maven_package_1.Test_default_template_for_update_system_storage</td>
<td></td>
<td>0</td>
<td>maven_package_1.Test_default_template_for_update_system_storage@747bc0aa</td></tr>
<tr>
<td title='maven_package_1.Test_default_template_for_extend_power_system.Default_template_power_extend()'><b>Default_template_power_extend</b><br>Test class: maven_package_1.Test_default_template_for_extend_power_system</td>
<td></td>
<td>0</td>
<td>maven_package_1.Test_default_template_for_extend_power_system@468475ef</td></tr>
<tr>
<td title='maven_package_1.Test_Incomplete_reprocess_system_storage.Inc_systemstorage()'><b>Inc_systemstorage</b><br>Test class: maven_package_1.Test_Incomplete_reprocess_system_storage</td>
<td></td>
<td>0</td>
<td>maven_package_1.Test_Incomplete_reprocess_system_storage@33e27ed3</td></tr>
<tr>
<td title='maven_package_1.Test_Submit_Extension_form_LinuxONE.Submit_extension_LinuxONE()'><b>Submit_extension_LinuxONE</b><br>Test class: maven_package_1.Test_Submit_Extension_form_LinuxONE</td>
<td></td>
<td>0</td>
<td>maven_package_1.Test_Submit_Extension_form_LinuxONE@183c97db</td></tr>
<tr>
<td title='maven_package_1.Test_Submit_Extension_form_powersystem.Submit_extension_powersystem()'><b>Submit_extension_powersystem</b><br>Test class: maven_package_1.Test_Submit_Extension_form_powersystem</td>
<td></td>
<td>0</td>
<td>maven_package_1.Test_Submit_Extension_form_powersystem@3215b74b</td></tr>
<tr>
<td title='maven_package_1.Test_Submit_Extension_form_systemstorage.Submit_extension_systemstorage()'><b>Submit_extension_systemstorage</b><br>Test class: maven_package_1.Test_Submit_Extension_form_systemstorage</td>
<td></td>
<td>0</td>
<td>maven_package_1.Test_Submit_Extension_form_systemstorage@2fb4b69d</td></tr>
<tr>
<td title='maven_package_1.Test_Incomplete_reprocess_system_storage.Test_Inc_Rep()'><b>Test_Inc_Rep</b><br>Test class: maven_package_1.Test_Incomplete_reprocess_system_storage</td>
<td></td>
<td>0</td>
<td>maven_package_1.Test_Incomplete_reprocess_system_storage@33e27ed3</td></tr>
<tr>
<td title='maven_package_1.Test_Rejected_reprocess_power_system.Test_Rej_Rep()'><b>Test_Rej_Rep</b><br>Test class: maven_package_1.Test_Rejected_reprocess_power_system</td>
<td></td>
<td>0</td>
<td>maven_package_1.Test_Rejected_reprocess_power_system@642a590d</td></tr>
<tr>
<td title='maven_package_1.Test_Rejected_reprocess_LinuxONE.Test_Rej_linuxone()'><b>Test_Rej_linuxone</b><br>Test class: maven_package_1.Test_Rejected_reprocess_LinuxONE</td>
<td></td>
<td>0</td>
<td>maven_package_1.Test_Rejected_reprocess_LinuxONE@5af46941</td></tr>
<tr>
<td title='maven_package_2.TestAddComment.f()'><b>f</b><br>Test class: maven_package_2.TestAddComment</td>
<td></td>
<td>0</td>
<td>maven_package_2.TestAddComment@1117ae94</td></tr>
<tr>
<td title='maven_package_2.TestCode.f()'><b>f</b><br>Test class: maven_package_2.TestCode</td>
<td></td>
<td>0</td>
<td>maven_package_2.TestCode@35a3bdbc</td></tr>
<tr>
<td title='maven_package_2.TestCase2842.f_2842()'><b>f_2842</b><br>Test class: maven_package_2.TestCase2842</td>
<td></td>
<td>0</td>
<td>maven_package_2.TestCase2842@70833f0e</td></tr>
<tr>
<td title='maven_package_2.Testcase2842_linuxOne.f_2842_linuxOne()'><b>f_2842_linuxOne</b><br>Test class: maven_package_2.Testcase2842_linuxOne</td>
<td></td>
<td>0</td>
<td>maven_package_2.Testcase2842_linuxOne@38a0e9d7</td></tr>
<tr>
<td title='maven_package_2.TestCase2842_power.f_2842_power()'><b>f_2842_power</b><br>Test class: maven_package_2.TestCase2842_power</td>
<td></td>
<td>0</td>
<td>maven_package_2.TestCase2842_power@4c583f4c</td></tr>
<tr>
<td title='maven_package_2.TestCase3497.f_3497()'><b>f_3497</b><br>Test class: maven_package_2.TestCase3497</td>
<td></td>
<td>0</td>
<td>maven_package_2.TestCase3497@29c67f50</td></tr>
<tr>
<td title='maven_package_2.TestCase3497_linuxOne.f_3497_linuxOne()'><b>f_3497_linuxOne</b><br>Test class: maven_package_2.TestCase3497_linuxOne</td>
<td></td>
<td>0</td>
<td>maven_package_2.TestCase3497_linuxOne@26d0729d</td></tr>
<tr>
<td title='maven_package_2.TestCase3497_power.f_3497_power()'><b>f_3497_power</b><br>Test class: maven_package_2.TestCase3497_power</td>
<td></td>
<td>0</td>
<td>maven_package_2.TestCase3497_power@3f14b553</td></tr>
<tr>
<td title='maven_package_2.TestCase3505.f_3505()'><b>f_3505</b><br>Test class: maven_package_2.TestCase3505</td>
<td></td>
<td>0</td>
<td>maven_package_2.TestCase3505@688c7c7f</td></tr>
<tr>
<td title='maven_package_2.TestCase3505_LinuxOne.f_3505_LinuxOne()'><b>f_3505_LinuxOne</b><br>Test class: maven_package_2.TestCase3505_LinuxOne</td>
<td></td>
<td>0</td>
<td>maven_package_2.TestCase3505_LinuxOne@5f41ab78</td></tr>
<tr>
<td title='maven_package_2.TestCase3505_power.f_3505_power()'><b>f_3505_power</b><br>Test class: maven_package_2.TestCase3505_power</td>
<td></td>
<td>0</td>
<td>maven_package_2.TestCase3505_power@50608423</td></tr>
<tr>
<td title='maven_package_2.Test_BlanketMicroflow.f_BlanketMicroflow()'><b>f_BlanketMicroflow</b><br>Test class: maven_package_2.Test_BlanketMicroflow</td>
<td></td>
<td>0</td>
<td>maven_package_2.Test_BlanketMicroflow@7a587427</td></tr>
<tr>
<td title='maven_package_2.Test_BlanketMicroflow_linuxOne.f_BlanketMicroflow_linuxOne()'><b>f_BlanketMicroflow_linuxOne</b><br>Test class: maven_package_2.Test_BlanketMicroflow_linuxOne</td>
<td></td>
<td>0</td>
<td>maven_package_2.Test_BlanketMicroflow_linuxOne@4531eb31</td></tr>
<tr>
<td title='maven_package_2.Test_BlanketMicroflow_ps.f_BlanketMicroflow_ps()'><b>f_BlanketMicroflow_ps</b><br>Test class: maven_package_2.Test_BlanketMicroflow_ps</td>
<td></td>
<td>0</td>
<td>maven_package_2.Test_BlanketMicroflow_ps@50480174</td></tr>
<tr>
<td title='maven_package_2.Test_MSA_microflow.f_MSA_microflow()'><b>f_MSA_microflow</b><br>Test class: maven_package_2.Test_MSA_microflow</td>
<td></td>
<td>0</td>
<td>maven_package_2.Test_MSA_microflow@27578fd9</td></tr>
<tr>
<td title='maven_package_2.Test_MSA_microflow_linuxOne.f_MSA_microflow_linuxOne()'><b>f_MSA_microflow_linuxOne</b><br>Test class: maven_package_2.Test_MSA_microflow_linuxOne</td>
<td></td>
<td>0</td>
<td>maven_package_2.Test_MSA_microflow_linuxOne@65a503bc</td></tr>
<tr>
<td title='maven_package_2.Test_MSA_microflow_ps.f_MSA_microflow_ps()'><b>f_MSA_microflow_ps</b><br>Test class: maven_package_2.Test_MSA_microflow_ps</td>
<td></td>
<td>0</td>
<td>maven_package_2.Test_MSA_microflow_ps@34985fc6</td></tr>
<tr>
<td title='maven_package_2.Test_proxy_voting_linuxOne.f_proxy_voting_linuxOne()'><b>f_proxy_voting_linuxOne</b><br>Test class: maven_package_2.Test_proxy_voting_linuxOne</td>
<td></td>
<td>0</td>
<td>maven_package_2.Test_proxy_voting_linuxOne@7fb7db23</td></tr>
<tr>
<td title='maven_package_2.Test_approve_ps.f_proxy_voting_power()'><b>f_proxy_voting_power</b><br>Test class: maven_package_2.Test_approve_ps</td>
<td></td>
<td>0</td>
<td>maven_package_2.Test_approve_ps@10fd9d27</td></tr>
<tr>
<td title='maven_package_2.Test_proxy_voting_power.f_proxy_voting_power()'><b>f_proxy_voting_power</b><br>Test class: maven_package_2.Test_proxy_voting_power</td>
<td></td>
<td>0</td>
<td>maven_package_2.Test_proxy_voting_power@7f941856</td></tr>
<tr>
<td title='maven_package_2.Test_proxy_voting_ss.f_proxy_voting_ss()'><b>f_proxy_voting_ss</b><br>Test class: maven_package_2.Test_proxy_voting_ss</td>
<td></td>
<td>0</td>
<td>maven_package_2.Test_proxy_voting_ss@53c9f789</td></tr>
<tr>
<td title='maven_package_1.Test_GPP_Validation_Power_System.gpp_validation()'><b>gpp_validation</b><br>Test class: maven_package_1.Test_GPP_Validation_Power_System</td>
<td></td>
<td>0</td>
<td>maven_package_1.Test_GPP_Validation_Power_System@68a614a4</td></tr>
<tr>
<td title='maven_package_1.Test_GPP_Validation_System_storage.gpp_validation_system()'><b>gpp_validation_system</b><br>Test class: maven_package_1.Test_GPP_Validation_System_storage</td>
<td></td>
<td>0</td>
<td>maven_package_1.Test_GPP_Validation_System_storage@6f9550a8</td></tr>
<tr>
<td title='maven_package_1.Test_GPP_Validation_Power_System.login_bp()'><b>login_bp</b><br>Test class: maven_package_1.Test_GPP_Validation_Power_System</td>
<td><div><pre>org.testng.TestNGException: 
Method login_bp requires 1 parameters but 0 were supplied in the @Test annotation.
... Removed 33 stack frames</pre></div><a href='#' onClick='toggleBox("stack-trace1996240678", this, "Click to show all stack frames", "Click to hide stack frames")'>Click to show all stack frames</a>
<div class='stack-trace' id='stack-trace1996240678'><pre>org.testng.TestNGException: 
Method login_bp requires 1 parameters but 0 were supplied in the @Test annotation.
	at org.testng.internal.Parameters.checkParameterTypes(Parameters.java:191)
	at org.testng.internal.Parameters.createParameters(Parameters.java:127)
	at org.testng.internal.Parameters.createParameters(Parameters.java:376)
	at org.testng.internal.Parameters.handleParameters(Parameters.java:451)
	at org.testng.internal.Invoker.handleParameters(Invoker.java:1274)
	at org.testng.internal.Invoker.createParameters(Invoker.java:989)
	at org.testng.internal.Invoker.invokeTestMethods(Invoker.java:1079)
	at org.testng.internal.TestMethodWorker.invokeTestMethods(TestMethodWorker.java:129)
	at org.testng.internal.TestMethodWorker.run(TestMethodWorker.java:112)
	at org.testng.TestRunner.privateRun(TestRunner.java:782)
	at org.testng.TestRunner.run(TestRunner.java:632)
	at org.testng.SuiteRunner.runTest(SuiteRunner.java:366)
	at org.testng.SuiteRunner.runSequentially(SuiteRunner.java:361)
	at org.testng.SuiteRunner.privateRun(SuiteRunner.java:319)
	at org.testng.SuiteRunner.run(SuiteRunner.java:268)
	at org.testng.SuiteRunnerWorker.runSuite(SuiteRunnerWorker.java:52)
	at org.testng.SuiteRunnerWorker.run(SuiteRunnerWorker.java:86)
	at org.testng.TestNG.runSuitesSequentially(TestNG.java:1244)
	at org.testng.TestNG.runSuitesLocally(TestNG.java:1169)
	at org.testng.TestNG.run(TestNG.java:1064)
	at org.apache.maven.surefire.testng.TestNGExecutor.run(TestNGExecutor.java:77)
	at org.apache.maven.surefire.testng.TestNGDirectoryTestSuite.executeMulti(TestNGDirectoryTestSuite.java:159)
	at org.apache.maven.surefire.testng.TestNGDirectoryTestSuite.execute(TestNGDirectoryTestSuite.java:99)
	at org.apache.maven.surefire.testng.TestNGProvider.invoke(TestNGProvider.java:106)
	at sun.reflect.NativeMethodAccessorImpl.invoke0(Native Method)
	at sun.reflect.NativeMethodAccessorImpl.invoke(NativeMethodAccessorImpl.java:57)
	at sun.reflect.DelegatingMethodAccessorImpl.invoke(DelegatingMethodAccessorImpl.java:43)
	at java.lang.reflect.Method.invoke(Method.java:606)
	at org.apache.maven.surefire.util.ReflectionUtils.invokeMethodWithArray(ReflectionUtils.java:189)
	at org.apache.maven.surefire.booter.ProviderFactory$ProviderProxy.invoke(ProviderFactory.java:165)
	at org.apache.maven.surefire.booter.ProviderFactory.invokeProvider(ProviderFactory.java:85)
	at org.apache.maven.surefire.booter.ForkedBooter.runSuitesInProcess(ForkedBooter.java:115)
	at org.apache.maven.surefire.booter.ForkedBooter.main(ForkedBooter.java:75)
</pre></div></td>
<td>0</td>
<td>maven_package_1.Test_GPP_Validation_Power_System@68a614a4</td></tr>
<tr>
<td title='maven_package_1.Test_GPP_Validation_System_storage.login_bp()'><b>login_bp</b><br>Test class: maven_package_1.Test_GPP_Validation_System_storage</td>
<td><div><pre>org.testng.TestNGException: 
Method login_bp requires 1 parameters but 0 were supplied in the @Test annotation.
... Removed 33 stack frames</pre></div><a href='#' onClick='toggleBox("stack-trace1458187734", this, "Click to show all stack frames", "Click to hide stack frames")'>Click to show all stack frames</a>
<div class='stack-trace' id='stack-trace1458187734'><pre>org.testng.TestNGException: 
Method login_bp requires 1 parameters but 0 were supplied in the @Test annotation.
	at org.testng.internal.Parameters.checkParameterTypes(Parameters.java:191)
	at org.testng.internal.Parameters.createParameters(Parameters.java:127)
	at org.testng.internal.Parameters.createParameters(Parameters.java:376)
	at org.testng.internal.Parameters.handleParameters(Parameters.java:451)
	at org.testng.internal.Invoker.handleParameters(Invoker.java:1274)
	at org.testng.internal.Invoker.createParameters(Invoker.java:989)
	at org.testng.internal.Invoker.invokeTestMethods(Invoker.java:1079)
	at org.testng.internal.TestMethodWorker.invokeTestMethods(TestMethodWorker.java:129)
	at org.testng.internal.TestMethodWorker.run(TestMethodWorker.java:112)
	at org.testng.TestRunner.privateRun(TestRunner.java:782)
	at org.testng.TestRunner.run(TestRunner.java:632)
	at org.testng.SuiteRunner.runTest(SuiteRunner.java:366)
	at org.testng.SuiteRunner.runSequentially(SuiteRunner.java:361)
	at org.testng.SuiteRunner.privateRun(SuiteRunner.java:319)
	at org.testng.SuiteRunner.run(SuiteRunner.java:268)
	at org.testng.SuiteRunnerWorker.runSuite(SuiteRunnerWorker.java:52)
	at org.testng.SuiteRunnerWorker.run(SuiteRunnerWorker.java:86)
	at org.testng.TestNG.runSuitesSequentially(TestNG.java:1244)
	at org.testng.TestNG.runSuitesLocally(TestNG.java:1169)
	at org.testng.TestNG.run(TestNG.java:1064)
	at org.apache.maven.surefire.testng.TestNGExecutor.run(TestNGExecutor.java:77)
	at org.apache.maven.surefire.testng.TestNGDirectoryTestSuite.executeMulti(TestNGDirectoryTestSuite.java:159)
	at org.apache.maven.surefire.testng.TestNGDirectoryTestSuite.execute(TestNGDirectoryTestSuite.java:99)
	at org.apache.maven.surefire.testng.TestNGProvider.invoke(TestNGProvider.java:106)
	at sun.reflect.NativeMethodAccessorImpl.invoke0(Native Method)
	at sun.reflect.NativeMethodAccessorImpl.invoke(NativeMethodAccessorImpl.java:57)
	at sun.reflect.DelegatingMethodAccessorImpl.invoke(DelegatingMethodAccessorImpl.java:43)
	at java.lang.reflect.Method.invoke(Method.java:606)
	at org.apache.maven.surefire.util.ReflectionUtils.invokeMethodWithArray(ReflectionUtils.java:189)
	at org.apache.maven.surefire.booter.ProviderFactory$ProviderProxy.invoke(ProviderFactory.java:165)
	at org.apache.maven.surefire.booter.ProviderFactory.invokeProvider(ProviderFactory.java:85)
	at org.apache.maven.surefire.booter.ForkedBooter.runSuitesInProcess(ForkedBooter.java:115)
	at org.apache.maven.surefire.booter.ForkedBooter.main(ForkedBooter.java:75)
</pre></div></td>
<td>0</td>
<td>maven_package_1.Test_GPP_Validation_System_storage@6f9550a8</td></tr>
<tr>
<td title='maven_package_1.Test_Submit_Extension_form_powersystem.login_bp()'><b>login_bp</b><br>Test class: maven_package_1.Test_Submit_Extension_form_powersystem</td>
<td><div><pre>org.testng.TestNGException: 
Method login_bp requires 1 parameters but 0 were supplied in the @Test annotation.
... Removed 33 stack frames</pre></div><a href='#' onClick='toggleBox("stack-trace1223884018", this, "Click to show all stack frames", "Click to hide stack frames")'>Click to show all stack frames</a>
<div class='stack-trace' id='stack-trace1223884018'><pre>org.testng.TestNGException: 
Method login_bp requires 1 parameters but 0 were supplied in the @Test annotation.
	at org.testng.internal.Parameters.checkParameterTypes(Parameters.java:191)
	at org.testng.internal.Parameters.createParameters(Parameters.java:127)
	at org.testng.internal.Parameters.createParameters(Parameters.java:376)
	at org.testng.internal.Parameters.handleParameters(Parameters.java:451)
	at org.testng.internal.Invoker.handleParameters(Invoker.java:1274)
	at org.testng.internal.Invoker.createParameters(Invoker.java:989)
	at org.testng.internal.Invoker.invokeTestMethods(Invoker.java:1079)
	at org.testng.internal.TestMethodWorker.invokeTestMethods(TestMethodWorker.java:129)
	at org.testng.internal.TestMethodWorker.run(TestMethodWorker.java:112)
	at org.testng.TestRunner.privateRun(TestRunner.java:782)
	at org.testng.TestRunner.run(TestRunner.java:632)
	at org.testng.SuiteRunner.runTest(SuiteRunner.java:366)
	at org.testng.SuiteRunner.runSequentially(SuiteRunner.java:361)
	at org.testng.SuiteRunner.privateRun(SuiteRunner.java:319)
	at org.testng.SuiteRunner.run(SuiteRunner.java:268)
	at org.testng.SuiteRunnerWorker.runSuite(SuiteRunnerWorker.java:52)
	at org.testng.SuiteRunnerWorker.run(SuiteRunnerWorker.java:86)
	at org.testng.TestNG.runSuitesSequentially(TestNG.java:1244)
	at org.testng.TestNG.runSuitesLocally(TestNG.java:1169)
	at org.testng.TestNG.run(TestNG.java:1064)
	at org.apache.maven.surefire.testng.TestNGExecutor.run(TestNGExecutor.java:77)
	at org.apache.maven.surefire.testng.TestNGDirectoryTestSuite.executeMulti(TestNGDirectoryTestSuite.java:159)
	at org.apache.maven.surefire.testng.TestNGDirectoryTestSuite.execute(TestNGDirectoryTestSuite.java:99)
	at org.apache.maven.surefire.testng.TestNGProvider.invoke(TestNGProvider.java:106)
	at sun.reflect.NativeMethodAccessorImpl.invoke0(Native Method)
	at sun.reflect.NativeMethodAccessorImpl.invoke(NativeMethodAccessorImpl.java:57)
	at sun.reflect.DelegatingMethodAccessorImpl.invoke(DelegatingMethodAccessorImpl.java:43)
	at java.lang.reflect.Method.invoke(Method.java:606)
	at org.apache.maven.surefire.util.ReflectionUtils.invokeMethodWithArray(ReflectionUtils.java:189)
	at org.apache.maven.surefire.booter.ProviderFactory$ProviderProxy.invoke(ProviderFactory.java:165)
	at org.apache.maven.surefire.booter.ProviderFactory.invokeProvider(ProviderFactory.java:85)
	at org.apache.maven.surefire.booter.ForkedBooter.runSuitesInProcess(ForkedBooter.java:115)
	at org.apache.maven.surefire.booter.ForkedBooter.main(ForkedBooter.java:75)
</pre></div></td>
<td>0</td>
<td>maven_package_1.Test_Submit_Extension_form_powersystem@3215b74b</td></tr>
<tr>
<td title='maven_package_1.Test_default_template_for_extend_power_system.login_bp()'><b>login_bp</b><br>Test class: maven_package_1.Test_default_template_for_extend_power_system</td>
<td><div><pre>org.testng.TestNGException: 
Method login_bp requires 1 parameters but 0 were supplied in the @Test annotation.
... Removed 33 stack frames</pre></div><a href='#' onClick='toggleBox("stack-trace1611132095", this, "Click to show all stack frames", "Click to hide stack frames")'>Click to show all stack frames</a>
<div class='stack-trace' id='stack-trace1611132095'><pre>org.testng.TestNGException: 
Method login_bp requires 1 parameters but 0 were supplied in the @Test annotation.
	at org.testng.internal.Parameters.checkParameterTypes(Parameters.java:191)
	at org.testng.internal.Parameters.createParameters(Parameters.java:127)
	at org.testng.internal.Parameters.createParameters(Parameters.java:376)
	at org.testng.internal.Parameters.handleParameters(Parameters.java:451)
	at org.testng.internal.Invoker.handleParameters(Invoker.java:1274)
	at org.testng.internal.Invoker.createParameters(Invoker.java:989)
	at org.testng.internal.Invoker.invokeTestMethods(Invoker.java:1079)
	at org.testng.internal.TestMethodWorker.invokeTestMethods(TestMethodWorker.java:129)
	at org.testng.internal.TestMethodWorker.run(TestMethodWorker.java:112)
	at org.testng.TestRunner.privateRun(TestRunner.java:782)
	at org.testng.TestRunner.run(TestRunner.java:632)
	at org.testng.SuiteRunner.runTest(SuiteRunner.java:366)
	at org.testng.SuiteRunner.runSequentially(SuiteRunner.java:361)
	at org.testng.SuiteRunner.privateRun(SuiteRunner.java:319)
	at org.testng.SuiteRunner.run(SuiteRunner.java:268)
	at org.testng.SuiteRunnerWorker.runSuite(SuiteRunnerWorker.java:52)
	at org.testng.SuiteRunnerWorker.run(SuiteRunnerWorker.java:86)
	at org.testng.TestNG.runSuitesSequentially(TestNG.java:1244)
	at org.testng.TestNG.runSuitesLocally(TestNG.java:1169)
	at org.testng.TestNG.run(TestNG.java:1064)
	at org.apache.maven.surefire.testng.TestNGExecutor.run(TestNGExecutor.java:77)
	at org.apache.maven.surefire.testng.TestNGDirectoryTestSuite.executeMulti(TestNGDirectoryTestSuite.java:159)
	at org.apache.maven.surefire.testng.TestNGDirectoryTestSuite.execute(TestNGDirectoryTestSuite.java:99)
	at org.apache.maven.surefire.testng.TestNGProvider.invoke(TestNGProvider.java:106)
	at sun.reflect.NativeMethodAccessorImpl.invoke0(Native Method)
	at sun.reflect.NativeMethodAccessorImpl.invoke(NativeMethodAccessorImpl.java:57)
	at sun.reflect.DelegatingMethodAccessorImpl.invoke(DelegatingMethodAccessorImpl.java:43)
	at java.lang.reflect.Method.invoke(Method.java:606)
	at org.apache.maven.surefire.util.ReflectionUtils.invokeMethodWithArray(ReflectionUtils.java:189)
	at org.apache.maven.surefire.booter.ProviderFactory$ProviderProxy.invoke(ProviderFactory.java:165)
	at org.apache.maven.surefire.booter.ProviderFactory.invokeProvider(ProviderFactory.java:85)
	at org.apache.maven.surefire.booter.ForkedBooter.runSuitesInProcess(ForkedBooter.java:115)
	at org.apache.maven.surefire.booter.ForkedBooter.main(ForkedBooter.java:75)
</pre></div></td>
<td>0</td>
<td>maven_package_1.Test_default_template_for_extend_power_system@468475ef</td></tr>
<tr>
<td title='maven_package_1.Test_GPP_Validation_Power_System.login_w3()'><b>login_w3</b><br>Test class: maven_package_1.Test_GPP_Validation_Power_System</td>
<td><div><pre>org.testng.TestNGException: 
Method login_w3 requires 1 parameters but 0 were supplied in the @Test annotation.
... Removed 33 stack frames</pre></div><a href='#' onClick='toggleBox("stack-trace680058065", this, "Click to show all stack frames", "Click to hide stack frames")'>Click to show all stack frames</a>
<div class='stack-trace' id='stack-trace680058065'><pre>org.testng.TestNGException: 
Method login_w3 requires 1 parameters but 0 were supplied in the @Test annotation.
	at org.testng.internal.Parameters.checkParameterTypes(Parameters.java:191)
	at org.testng.internal.Parameters.createParameters(Parameters.java:127)
	at org.testng.internal.Parameters.createParameters(Parameters.java:376)
	at org.testng.internal.Parameters.handleParameters(Parameters.java:451)
	at org.testng.internal.Invoker.handleParameters(Invoker.java:1274)
	at org.testng.internal.Invoker.createParameters(Invoker.java:989)
	at org.testng.internal.Invoker.invokeTestMethods(Invoker.java:1079)
	at org.testng.internal.TestMethodWorker.invokeTestMethods(TestMethodWorker.java:129)
	at org.testng.internal.TestMethodWorker.run(TestMethodWorker.java:112)
	at org.testng.TestRunner.privateRun(TestRunner.java:782)
	at org.testng.TestRunner.run(TestRunner.java:632)
	at org.testng.SuiteRunner.runTest(SuiteRunner.java:366)
	at org.testng.SuiteRunner.runSequentially(SuiteRunner.java:361)
	at org.testng.SuiteRunner.privateRun(SuiteRunner.java:319)
	at org.testng.SuiteRunner.run(SuiteRunner.java:268)
	at org.testng.SuiteRunnerWorker.runSuite(SuiteRunnerWorker.java:52)
	at org.testng.SuiteRunnerWorker.run(SuiteRunnerWorker.java:86)
	at org.testng.TestNG.runSuitesSequentially(TestNG.java:1244)
	at org.testng.TestNG.runSuitesLocally(TestNG.java:1169)
	at org.testng.TestNG.run(TestNG.java:1064)
	at org.apache.maven.surefire.testng.TestNGExecutor.run(TestNGExecutor.java:77)
	at org.apache.maven.surefire.testng.TestNGDirectoryTestSuite.executeMulti(TestNGDirectoryTestSuite.java:159)
	at org.apache.maven.surefire.testng.TestNGDirectoryTestSuite.execute(TestNGDirectoryTestSuite.java:99)
	at org.apache.maven.surefire.testng.TestNGProvider.invoke(TestNGProvider.java:106)
	at sun.reflect.NativeMethodAccessorImpl.invoke0(Native Method)
	at sun.reflect.NativeMethodAccessorImpl.invoke(NativeMethodAccessorImpl.java:57)
	at sun.reflect.DelegatingMethodAccessorImpl.invoke(DelegatingMethodAccessorImpl.java:43)
	at java.lang.reflect.Method.invoke(Method.java:606)
	at org.apache.maven.surefire.util.ReflectionUtils.invokeMethodWithArray(ReflectionUtils.java:189)
	at org.apache.maven.surefire.booter.ProviderFactory$ProviderProxy.invoke(ProviderFactory.java:165)
	at org.apache.maven.surefire.booter.ProviderFactory.invokeProvider(ProviderFactory.java:85)
	at org.apache.maven.surefire.booter.ForkedBooter.runSuitesInProcess(ForkedBooter.java:115)
	at org.apache.maven.surefire.booter.ForkedBooter.main(ForkedBooter.java:75)
</pre></div></td>
<td>0</td>
<td>maven_package_1.Test_GPP_Validation_Power_System@68a614a4</td></tr>
<tr>
<td title='maven_package_1.Test_GPP_Validation_System_storage.login_w3()'><b>login_w3</b><br>Test class: maven_package_1.Test_GPP_Validation_System_storage</td>
<td><div><pre>org.testng.TestNGException: 
Method login_w3 requires 1 parameters but 0 were supplied in the @Test annotation.
... Removed 33 stack frames</pre></div><a href='#' onClick='toggleBox("stack-trace677865774", this, "Click to show all stack frames", "Click to hide stack frames")'>Click to show all stack frames</a>
<div class='stack-trace' id='stack-trace677865774'><pre>org.testng.TestNGException: 
Method login_w3 requires 1 parameters but 0 were supplied in the @Test annotation.
	at org.testng.internal.Parameters.checkParameterTypes(Parameters.java:191)
	at org.testng.internal.Parameters.createParameters(Parameters.java:127)
	at org.testng.internal.Parameters.createParameters(Parameters.java:376)
	at org.testng.internal.Parameters.handleParameters(Parameters.java:451)
	at org.testng.internal.Invoker.handleParameters(Invoker.java:1274)
	at org.testng.internal.Invoker.createParameters(Invoker.java:989)
	at org.testng.internal.Invoker.invokeTestMethods(Invoker.java:1079)
	at org.testng.internal.TestMethodWorker.invokeTestMethods(TestMethodWorker.java:129)
	at org.testng.internal.TestMethodWorker.run(TestMethodWorker.java:112)
	at org.testng.TestRunner.privateRun(TestRunner.java:782)
	at org.testng.TestRunner.run(TestRunner.java:632)
	at org.testng.SuiteRunner.runTest(SuiteRunner.java:366)
	at org.testng.SuiteRunner.runSequentially(SuiteRunner.java:361)
	at org.testng.SuiteRunner.privateRun(SuiteRunner.java:319)
	at org.testng.SuiteRunner.run(SuiteRunner.java:268)
	at org.testng.SuiteRunnerWorker.runSuite(SuiteRunnerWorker.java:52)
	at org.testng.SuiteRunnerWorker.run(SuiteRunnerWorker.java:86)
	at org.testng.TestNG.runSuitesSequentially(TestNG.java:1244)
	at org.testng.TestNG.runSuitesLocally(TestNG.java:1169)
	at org.testng.TestNG.run(TestNG.java:1064)
	at org.apache.maven.surefire.testng.TestNGExecutor.run(TestNGExecutor.java:77)
	at org.apache.maven.surefire.testng.TestNGDirectoryTestSuite.executeMulti(TestNGDirectoryTestSuite.java:159)
	at org.apache.maven.surefire.testng.TestNGDirectoryTestSuite.execute(TestNGDirectoryTestSuite.java:99)
	at org.apache.maven.surefire.testng.TestNGProvider.invoke(TestNGProvider.java:106)
	at sun.reflect.NativeMethodAccessorImpl.invoke0(Native Method)
	at sun.reflect.NativeMethodAccessorImpl.invoke(NativeMethodAccessorImpl.java:57)
	at sun.reflect.DelegatingMethodAccessorImpl.invoke(DelegatingMethodAccessorImpl.java:43)
	at java.lang.reflect.Method.invoke(Method.java:606)
	at org.apache.maven.surefire.util.ReflectionUtils.invokeMethodWithArray(ReflectionUtils.java:189)
	at org.apache.maven.surefire.booter.ProviderFactory$ProviderProxy.invoke(ProviderFactory.java:165)
	at org.apache.maven.surefire.booter.ProviderFactory.invokeProvider(ProviderFactory.java:85)
	at org.apache.maven.surefire.booter.ForkedBooter.runSuitesInProcess(ForkedBooter.java:115)
	at org.apache.maven.surefire.booter.ForkedBooter.main(ForkedBooter.java:75)
</pre></div></td>
<td>0</td>
<td>maven_package_1.Test_GPP_Validation_System_storage@6f9550a8</td></tr>
<tr>
<td title='maven_package_1.Test_Submit_Extension_form_powersystem.login_w3()'><b>login_w3</b><br>Test class: maven_package_1.Test_Submit_Extension_form_powersystem</td>
<td><div><pre>org.testng.TestNGException: 
Method login_w3 requires 1 parameters but 0 were supplied in the @Test annotation.
... Removed 33 stack frames</pre></div><a href='#' onClick='toggleBox("stack-trace1220319560", this, "Click to show all stack frames", "Click to hide stack frames")'>Click to show all stack frames</a>
<div class='stack-trace' id='stack-trace1220319560'><pre>org.testng.TestNGException: 
Method login_w3 requires 1 parameters but 0 were supplied in the @Test annotation.
	at org.testng.internal.Parameters.checkParameterTypes(Parameters.java:191)
	at org.testng.internal.Parameters.createParameters(Parameters.java:127)
	at org.testng.internal.Parameters.createParameters(Parameters.java:376)
	at org.testng.internal.Parameters.handleParameters(Parameters.java:451)
	at org.testng.internal.Invoker.handleParameters(Invoker.java:1274)
	at org.testng.internal.Invoker.createParameters(Invoker.java:989)
	at org.testng.internal.Invoker.invokeTestMethods(Invoker.java:1079)
	at org.testng.internal.TestMethodWorker.invokeTestMethods(TestMethodWorker.java:129)
	at org.testng.internal.TestMethodWorker.run(TestMethodWorker.java:112)
	at org.testng.TestRunner.privateRun(TestRunner.java:782)
	at org.testng.TestRunner.run(TestRunner.java:632)
	at org.testng.SuiteRunner.runTest(SuiteRunner.java:366)
	at org.testng.SuiteRunner.runSequentially(SuiteRunner.java:361)
	at org.testng.SuiteRunner.privateRun(SuiteRunner.java:319)
	at org.testng.SuiteRunner.run(SuiteRunner.java:268)
	at org.testng.SuiteRunnerWorker.runSuite(SuiteRunnerWorker.java:52)
	at org.testng.SuiteRunnerWorker.run(SuiteRunnerWorker.java:86)
	at org.testng.TestNG.runSuitesSequentially(TestNG.java:1244)
	at org.testng.TestNG.runSuitesLocally(TestNG.java:1169)
	at org.testng.TestNG.run(TestNG.java:1064)
	at org.apache.maven.surefire.testng.TestNGExecutor.run(TestNGExecutor.java:77)
	at org.apache.maven.surefire.testng.TestNGDirectoryTestSuite.executeMulti(TestNGDirectoryTestSuite.java:159)
	at org.apache.maven.surefire.testng.TestNGDirectoryTestSuite.execute(TestNGDirectoryTestSuite.java:99)
	at org.apache.maven.surefire.testng.TestNGProvider.invoke(TestNGProvider.java:106)
	at sun.reflect.NativeMethodAccessorImpl.invoke0(Native Method)
	at sun.reflect.NativeMethodAccessorImpl.invoke(NativeMethodAccessorImpl.java:57)
	at sun.reflect.DelegatingMethodAccessorImpl.invoke(DelegatingMethodAccessorImpl.java:43)
	at java.lang.reflect.Method.invoke(Method.java:606)
	at org.apache.maven.surefire.util.ReflectionUtils.invokeMethodWithArray(ReflectionUtils.java:189)
	at org.apache.maven.surefire.booter.ProviderFactory$ProviderProxy.invoke(ProviderFactory.java:165)
	at org.apache.maven.surefire.booter.ProviderFactory.invokeProvider(ProviderFactory.java:85)
	at org.apache.maven.surefire.booter.ForkedBooter.runSuitesInProcess(ForkedBooter.java:115)
	at org.apache.maven.surefire.booter.ForkedBooter.main(ForkedBooter.java:75)
</pre></div></td>
<td>0</td>
<td>maven_package_1.Test_Submit_Extension_form_powersystem@3215b74b</td></tr>
<tr>
<td title='maven_package_1.Test_default_template_for_extend_power_system.login_w3()'><b>login_w3</b><br>Test class: maven_package_1.Test_default_template_for_extend_power_system</td>
<td><div><pre>org.testng.TestNGException: 
Method login_w3 requires 1 parameters but 0 were supplied in the @Test annotation.
... Removed 33 stack frames</pre></div><a href='#' onClick='toggleBox("stack-trace675815642", this, "Click to show all stack frames", "Click to hide stack frames")'>Click to show all stack frames</a>
<div class='stack-trace' id='stack-trace675815642'><pre>org.testng.TestNGException: 
Method login_w3 requires 1 parameters but 0 were supplied in the @Test annotation.
	at org.testng.internal.Parameters.checkParameterTypes(Parameters.java:191)
	at org.testng.internal.Parameters.createParameters(Parameters.java:127)
	at org.testng.internal.Parameters.createParameters(Parameters.java:376)
	at org.testng.internal.Parameters.handleParameters(Parameters.java:451)
	at org.testng.internal.Invoker.handleParameters(Invoker.java:1274)
	at org.testng.internal.Invoker.createParameters(Invoker.java:989)
	at org.testng.internal.Invoker.invokeTestMethods(Invoker.java:1079)
	at org.testng.internal.TestMethodWorker.invokeTestMethods(TestMethodWorker.java:129)
	at org.testng.internal.TestMethodWorker.run(TestMethodWorker.java:112)
	at org.testng.TestRunner.privateRun(TestRunner.java:782)
	at org.testng.TestRunner.run(TestRunner.java:632)
	at org.testng.SuiteRunner.runTest(SuiteRunner.java:366)
	at org.testng.SuiteRunner.runSequentially(SuiteRunner.java:361)
	at org.testng.SuiteRunner.privateRun(SuiteRunner.java:319)
	at org.testng.SuiteRunner.run(SuiteRunner.java:268)
	at org.testng.SuiteRunnerWorker.runSuite(SuiteRunnerWorker.java:52)
	at org.testng.SuiteRunnerWorker.run(SuiteRunnerWorker.java:86)
	at org.testng.TestNG.runSuitesSequentially(TestNG.java:1244)
	at org.testng.TestNG.runSuitesLocally(TestNG.java:1169)
	at org.testng.TestNG.run(TestNG.java:1064)
	at org.apache.maven.surefire.testng.TestNGExecutor.run(TestNGExecutor.java:77)
	at org.apache.maven.surefire.testng.TestNGDirectoryTestSuite.executeMulti(TestNGDirectoryTestSuite.java:159)
	at org.apache.maven.surefire.testng.TestNGDirectoryTestSuite.execute(TestNGDirectoryTestSuite.java:99)
	at org.apache.maven.surefire.testng.TestNGProvider.invoke(TestNGProvider.java:106)
	at sun.reflect.NativeMethodAccessorImpl.invoke0(Native Method)
	at sun.reflect.NativeMethodAccessorImpl.invoke(NativeMethodAccessorImpl.java:57)
	at sun.reflect.DelegatingMethodAccessorImpl.invoke(DelegatingMethodAccessorImpl.java:43)
	at java.lang.reflect.Method.invoke(Method.java:606)
	at org.apache.maven.surefire.util.ReflectionUtils.invokeMethodWithArray(ReflectionUtils.java:189)
	at org.apache.maven.surefire.booter.ProviderFactory$ProviderProxy.invoke(ProviderFactory.java:165)
	at org.apache.maven.surefire.booter.ProviderFactory.invokeProvider(ProviderFactory.java:85)
	at org.apache.maven.surefire.booter.ForkedBooter.runSuitesInProcess(ForkedBooter.java:115)
	at org.apache.maven.surefire.booter.ForkedBooter.main(ForkedBooter.java:75)
</pre></div></td>
<td>0</td>
<td>maven_package_1.Test_default_template_for_extend_power_system@468475ef</td></tr>
<tr>
<td title='maven_package_1.Test_Update_Power_system.test_upd_from_app_PS()'><b>test_upd_from_app_PS</b><br>Test class: maven_package_1.Test_Update_Power_system</td>
<td></td>
<td>0</td>
<td>maven_package_1.Test_Update_Power_system@5803eab9</td></tr>
<tr>
<td title='maven_package_1.Test_Update_System_storage.test_upd_from_app_SS()'><b>test_upd_from_app_SS</b><br>Test class: maven_package_1.Test_Update_System_storage</td>
<td></td>
<td>0</td>
<td>maven_package_1.Test_Update_System_storage@692744d3</td></tr>
<tr>
<td title='maven_package_1.Test_Update_LinuxONE.test_upd_from_app_linuxone()'><b>test_upd_from_app_linuxone</b><br>Test class: maven_package_1.Test_Update_LinuxONE</td>
<td></td>
<td>0</td>
<td>maven_package_1.Test_Update_LinuxONE@14115e3</td></tr>
</table><p>
</body>
</html>