<?xml version="1.0" encoding="UTF-8"?>
<!-- Generated by org.testng.reporters.JUnitXMLReporter -->
<testsuite hostname="ADMINIB-D2MM1F7" name="Command line test" tests="40" failures="0" timestamp="12 Sep 2016 12:35:24 GMT" time="8.686" errors="0">
  <testcase name="@BeforeTest gpp_validation_system" time="0.0" classname="maven_package_1.Test_GPP_Validation_System_storage">
    <failure type="org.openqa.selenium.NoSuchWindowException" message="no such window: target window already closed
from unknown error: web view not found
  (Session info: chrome=52.0.2743.116)
  (Driver info: chromedriver=2.11.298604 (75ea2fdb5c87f133a8e1b8da16f6091fb7d5321e),platform=Windows NT 6.1 SP1 x86_64) (WARNING: The server did not provide any stacktrace information)
Command duration or timeout: 13 milliseconds
Build info: version: &amp;apos;2.53.0&amp;apos;, revision: &amp;apos;35ae25b1534ae328c771e0856c93e187490ca824&amp;apos;, time: &amp;apos;2016-03-15 10:43:46&amp;apos;
System info: host: &amp;apos;ADMINIB-D2MM1F7&amp;apos;, ip: &amp;apos;9.79.203.243&amp;apos;, os.name: &amp;apos;Windows 7&amp;apos;, os.arch: &amp;apos;amd64&amp;apos;, os.version: &amp;apos;6.1&amp;apos;, java.version: &amp;apos;1.7.0_51&amp;apos;
*** Element info: {Using=id, value=username}
Session ID: 6c95fd01a1376ff04bbd64d1acf9c0fc
Driver info: org.openqa.selenium.chrome.ChromeDriver
Capabilities [{platform=XP, acceptSslCerts=true, javascriptEnabled=true, browserName=chrome, chrome={userDataDir=C:\Users\IBM_AD~1\AppData\Local\Temp\scoped_dir9500_27323}, rotatable=false, locationContextEnabled=true, mobileEmulationEnabled=false, version=52.0.2743.116, takesHeapSnapshot=true, cssSelectorsEnabled=true, databaseEnabled=false, handlesAlerts=true, browserConnectionEnabled=false, webStorageEnabled=true, nativeEvents=true, applicationCacheEnabled=false, takesScreenshot=true}]">
      <![CDATA[org.openqa.selenium.NoSuchWindowException: no such window: target window already closed
from unknown error: web view not found
  (Session info: chrome=52.0.2743.116)
  (Driver info: chromedriver=2.11.298604 (75ea2fdb5c87f133a8e1b8da16f6091fb7d5321e),platform=Windows NT 6.1 SP1 x86_64) (WARNING: The server did not provide any stacktrace information)
Command duration or timeout: 13 milliseconds
Build info: version: '2.53.0', revision: '35ae25b1534ae328c771e0856c93e187490ca824', time: '2016-03-15 10:43:46'
System info: host: 'ADMINIB-D2MM1F7', ip: '9.79.203.243', os.name: 'Windows 7', os.arch: 'amd64', os.version: '6.1', java.version: '1.7.0_51'
*** Element info: {Using=id, value=username}
Session ID: 6c95fd01a1376ff04bbd64d1acf9c0fc
Driver info: org.openqa.selenium.chrome.ChromeDriver
Capabilities [{platform=XP, acceptSslCerts=true, javascriptEnabled=true, browserName=chrome, chrome={userDataDir=C:\Users\IBM_AD~1\AppData\Local\Temp\scoped_dir9500_27323}, rotatable=false, locationContextEnabled=true, mobileEmulationEnabled=false, version=52.0.2743.116, takesHeapSnapshot=true, cssSelectorsEnabled=true, databaseEnabled=false, handlesAlerts=true, browserConnectionEnabled=false, webStorageEnabled=true, nativeEvents=true, applicationCacheEnabled=false, takesScreenshot=true}]
	at org.openqa.selenium.remote.ErrorHandler.createThrowable(ErrorHandler.java:206)
	at org.openqa.selenium.remote.ErrorHandler.throwIfResponseFailed(ErrorHandler.java:158)
	at org.openqa.selenium.remote.RemoteWebDriver.execute(RemoteWebDriver.java:678)
	at org.openqa.selenium.remote.RemoteWebDriver.findElement(RemoteWebDriver.java:363)
	at org.openqa.selenium.remote.RemoteWebDriver.findElementById(RemoteWebDriver.java:413)
	at org.openqa.selenium.By$ById.findElement(By.java:218)
	at org.openqa.selenium.remote.RemoteWebDriver.findElement(RemoteWebDriver.java:355)
	at resources.Login.login_bp(Login.java:33)
	at maven_package_1.Test_GPP_Validation_System_storage.gpp_validation_system(Test_GPP_Validation_System_storage.java:53)
... Removed 36 stack frames]]>
    </failure>
  </testcase> <!-- @BeforeTest gpp_validation_system -->
  <testcase name="@BeforeTest Default_template_LinuxONE_update" time="0.0" classname="maven_package_1.Test_GPP_Validation_System_storage">
    <skipped/>
  </testcase> <!-- @BeforeTest Default_template_LinuxONE_update -->
  <testcase name="Inc_systemstorage" time="0.0" classname="maven_package_1.Test_Incomplete_reprocess_system_storage">
    <skipped/>
  </testcase> <!-- Inc_systemstorage -->
  <testcase name="Test_Inc_Rep" time="0.0" classname="maven_package_1.Test_Incomplete_reprocess_system_storage">
    <skipped/>
  </testcase> <!-- Test_Inc_Rep -->
  <testcase name="login_bp" time="0.0" classname="maven_package_1.Test_Submit_Extension_form_powersystem">
    <skipped/>
  </testcase> <!-- login_bp -->
  <testcase name="login_w3" time="0.0" classname="maven_package_1.Test_Submit_Extension_form_powersystem">
    <skipped/>
  </testcase> <!-- login_w3 -->
  <testcase name="Submit_extension_powersystem" time="0.0" classname="maven_package_1.Test_Submit_Extension_form_powersystem">
    <skipped/>
  </testcase> <!-- Submit_extension_powersystem -->
  <testcase name="login_bp" time="0.0" classname="maven_package_1.Test_default_template_for_extend_power_system">
    <skipped/>
  </testcase> <!-- login_bp -->
  <testcase name="login_w3" time="0.0" classname="maven_package_1.Test_default_template_for_extend_power_system">
    <skipped/>
  </testcase> <!-- login_w3 -->
  <testcase name="Default_template_power_extend" time="0.0" classname="maven_package_1.Test_default_template_for_extend_power_system">
    <skipped/>
  </testcase> <!-- Default_template_power_extend -->
  <testcase name="f" time="0.0" classname="maven_package_2.TestAddComment">
    <skipped/>
  </testcase> <!-- f -->
  <testcase name="f_2842" time="0.0" classname="maven_package_2.TestCase2842">
    <skipped/>
  </testcase> <!-- f_2842 -->
  <testcase name="f_2842_power" time="0.0" classname="maven_package_2.TestCase2842_power">
    <skipped/>
  </testcase> <!-- f_2842_power -->
  <testcase name="f_3497" time="0.0" classname="maven_package_2.TestCase3497">
    <skipped/>
  </testcase> <!-- f_3497 -->
  <testcase name="f_3497_linuxOne" time="0.0" classname="maven_package_2.TestCase3497_linuxOne">
    <skipped/>
  </testcase> <!-- f_3497_linuxOne -->
  <testcase name="f_3497_power" time="0.0" classname="maven_package_2.TestCase3497_power">
    <skipped/>
  </testcase> <!-- f_3497_power -->
  <testcase name="f_3505" time="0.0" classname="maven_package_2.TestCase3505">
    <skipped/>
  </testcase> <!-- f_3505 -->
  <testcase name="f_3505_LinuxOne" time="0.0" classname="maven_package_2.TestCase3505_LinuxOne">
    <skipped/>
  </testcase> <!-- f_3505_LinuxOne -->
  <testcase name="f_3505_power" time="0.0" classname="maven_package_2.TestCase3505_power">
    <skipped/>
  </testcase> <!-- f_3505_power -->
  <testcase name="f" time="0.0" classname="maven_package_2.TestCode">
    <skipped/>
  </testcase> <!-- f -->
  <testcase name="f_BlanketMicroflow" time="0.0" classname="maven_package_2.Test_BlanketMicroflow">
    <skipped/>
  </testcase> <!-- f_BlanketMicroflow -->
  <testcase name="f_BlanketMicroflow_linuxOne" time="0.0" classname="maven_package_2.Test_BlanketMicroflow_linuxOne">
    <skipped/>
  </testcase> <!-- f_BlanketMicroflow_linuxOne -->
  <testcase name="f_BlanketMicroflow_ps" time="0.0" classname="maven_package_2.Test_BlanketMicroflow_ps">
    <skipped/>
  </testcase> <!-- f_BlanketMicroflow_ps -->
  <testcase name="gpp_validation" time="0.0" classname="maven_package_1.Test_GPP_Validation_Power_System">
    <skipped/>
  </testcase> <!-- gpp_validation -->
  <testcase name="gpp_validation_system" time="0.0" classname="maven_package_1.Test_GPP_Validation_System_storage">
    <skipped/>
  </testcase> <!-- gpp_validation_system -->
  <testcase name="f_MSA_microflow" time="0.0" classname="maven_package_2.Test_MSA_microflow">
    <skipped/>
  </testcase> <!-- f_MSA_microflow -->
  <testcase name="f_MSA_microflow_linuxOne" time="0.0" classname="maven_package_2.Test_MSA_microflow_linuxOne">
    <skipped/>
  </testcase> <!-- f_MSA_microflow_linuxOne -->
  <testcase name="f_MSA_microflow_ps" time="0.0" classname="maven_package_2.Test_MSA_microflow_ps">
    <skipped/>
  </testcase> <!-- f_MSA_microflow_ps -->
  <testcase name="Test_Rej_linuxone" time="0.0" classname="maven_package_1.Test_Rejected_reprocess_LinuxONE">
    <skipped/>
  </testcase> <!-- Test_Rej_linuxone -->
  <testcase name="Test_Rej_Rep" time="0.0" classname="maven_package_1.Test_Rejected_reprocess_power_system">
    <skipped/>
  </testcase> <!-- Test_Rej_Rep -->
  <testcase name="Submit_extension_LinuxONE" time="0.0" classname="maven_package_1.Test_Submit_Extension_form_LinuxONE">
    <skipped/>
  </testcase> <!-- Submit_extension_LinuxONE -->
  <testcase name="Submit_extension_systemstorage" time="0.0" classname="maven_package_1.Test_Submit_Extension_form_systemstorage">
    <skipped/>
  </testcase> <!-- Submit_extension_systemstorage -->
  <testcase name="test_upd_from_app_linuxone" time="0.0" classname="maven_package_1.Test_Update_LinuxONE">
    <skipped/>
  </testcase> <!-- test_upd_from_app_linuxone -->
  <testcase name="test_upd_from_app_PS" time="0.0" classname="maven_package_1.Test_Update_Power_system">
    <skipped/>
  </testcase> <!-- test_upd_from_app_PS -->
  <testcase name="test_upd_from_app_SS" time="0.0" classname="maven_package_1.Test_Update_System_storage">
    <skipped/>
  </testcase> <!-- test_upd_from_app_SS -->
  <testcase name="f_proxy_voting_power" time="0.0" classname="maven_package_2.Test_approve_ps">
    <skipped/>
  </testcase> <!-- f_proxy_voting_power -->
  <testcase name="Default_template_LinuxONE_update" time="0.0" classname="maven_package_1.Test_default_template_for_update_LinuxONE">
    <skipped/>
  </testcase> <!-- Default_template_LinuxONE_update -->
  <testcase name="Default_template_LinuxONE_update" time="0.0" classname="maven_package_1.Test_default_template_for_update_system_storage">
    <skipped/>
  </testcase> <!-- Default_template_LinuxONE_update -->
  <testcase name="f_proxy_voting_linuxOne" time="0.0" classname="maven_package_2.Test_proxy_voting_linuxOne">
    <skipped/>
  </testcase> <!-- f_proxy_voting_linuxOne -->
  <testcase name="f_proxy_voting_power" time="0.0" classname="maven_package_2.Test_proxy_voting_power">
    <skipped/>
  </testcase> <!-- f_proxy_voting_power -->
  <testcase name="f_proxy_voting_ss" time="0.0" classname="maven_package_2.Test_proxy_voting_ss">
    <skipped/>
  </testcase> <!-- f_proxy_voting_ss -->
  <testcase name="f_2842_linuxOne" time="0.0" classname="maven_package_2.Testcase2842_linuxOne">
    <skipped/>
  </testcase> <!-- f_2842_linuxOne -->
</testsuite> <!-- Command line test -->
