<!DOCTYPE html>

<html>
  <head>
  <meta charset='utf-8'>
  <title>TestNG reports</title>

    <link type="text/css" href="testng-reports.css" rel="stylesheet" />  
    <script type="text/javascript" src="jquery-1.7.1.min.js"></script>
    <script type="text/javascript" src="testng-reports.js"></script>
    <script type="text/javascript" src="https://www.google.com/jsapi"></script>
    <script type='text/javascript'>
      google.load('visualization', '1', {packages:['table']});
      google.setOnLoadCallback(drawTable);
      var suiteTableInitFunctions = new Array();
      var suiteTableData = new Array();
    </script>
    <!--
      <script type="text/javascript" src="jquery-ui/js/jquery-ui-1.8.16.custom.min.js"></script>
     -->
  </head>

  <body>
    <div class="top-banner-root">
      <span class="top-banner-title-font">Test results</span>
      <br/>
      <span class="top-banner-font-1">1 suite, 13 failed tests</span>
    </div> <!-- top-banner-root -->
    <div class="navigator-root">
      <div class="navigator-suite-header">
        <span>All suites</span>
        <a href="#" class="collapse-all-link" title="Collapse/expand all the suites">
          <img class="collapse-all-icon" src="collapseall.gif">
          </img> <!-- collapse-all-icon -->
        </a> <!-- collapse-all-link -->
      </div> <!-- navigator-suite-header -->
      <div class="suite">
        <div class="rounded-window">
          <div class="suite-header light-rounded-window-top">
            <a href="#" class="navigator-link" panel-name="suite-Command_line_suite">
              <span class="suite-name border-failed">Command line suite</span>
            </a> <!-- navigator-link -->
          </div> <!-- suite-header light-rounded-window-top -->
          <div class="navigator-suite-content">
            <div class="suite-section-title">
              <span>Info</span>
            </div> <!-- suite-section-title -->
            <div class="suite-section-content">
              <ul>
                <li>
                  <a href="#" class="navigator-link " panel-name="test-xml-Command_line_suite">
                    <span>[unset file name]</span>
                  </a> <!-- navigator-link  -->
                </li>
                <li>
                  <a href="#" class="navigator-link " panel-name="testlist-Command_line_suite">
                    <span class="test-stats">1 test</span>
                  </a> <!-- navigator-link  -->
                </li>
                <li>
                  <a href="#" class="navigator-link " panel-name="group-Command_line_suite">
                    <span>0 groups</span>
                  </a> <!-- navigator-link  -->
                </li>
                <li>
                  <a href="#" class="navigator-link " panel-name="times-Command_line_suite">
                    <span>Times</span>
                  </a> <!-- navigator-link  -->
                </li>
                <li>
                  <a href="#" class="navigator-link " panel-name="reporter-Command_line_suite">
                    <span>Reporter output</span>
                  </a> <!-- navigator-link  -->
                </li>
                <li>
                  <a href="#" class="navigator-link " panel-name="ignored-methods-Command_line_suite">
                    <span>Ignored methods</span>
                  </a> <!-- navigator-link  -->
                </li>
                <li>
                  <a href="#" class="navigator-link " panel-name="chronological-Command_line_suite">
                    <span>Chronological view</span>
                  </a> <!-- navigator-link  -->
                </li>
              </ul>
            </div> <!-- suite-section-content -->
            <div class="result-section">
              <div class="suite-section-title">
                <span>Results</span>
              </div> <!-- suite-section-title -->
              <div class="suite-section-content">
                <ul>
                  <li>
                    <span class="method-stats">21 methods, 13 failed,  8 skipped,  </span>
                  </li>
                  <li>
                    <span class="method-list-title failed">Failed methods</span>
                    <span class="show-or-hide-methods failed">
                      <a href="#" panel-name="suite-Command_line_suite" class="hide-methods failed suite-Command_line_suite"> (hide)</a> <!-- hide-methods failed suite-Command_line_suite -->
                      <a href="#" panel-name="suite-Command_line_suite" class="show-methods failed suite-Command_line_suite"> (show)</a> <!-- show-methods failed suite-Command_line_suite -->
                    </span>
                    <div class="method-list-content failed suite-Command_line_suite">
                      <span>
                        <img width="3%" src="failed.png"/>
                        <a href="#" class="method navigator-link" panel-name="suite-Command_line_suite" title="Maven_package.Test_default_template_for_update_LinuxONE" hash-for-method="Default_template_LinuxONE_update">Default_template_LinuxONE_update</a> <!-- method navigator-link -->
                      </span>
                      <br/>
                      <span>
                        <img width="3%" src="failed.png"/>
                        <a href="#" class="method navigator-link" panel-name="suite-Command_line_suite" title="Maven_package.Test_default_template_for_update_system_storage" hash-for-method="Default_template_LinuxONE_update">Default_template_LinuxONE_update</a> <!-- method navigator-link -->
                      </span>
                      <br/>
                      <span>
                        <img width="3%" src="failed.png"/>
                        <a href="#" class="method navigator-link" panel-name="suite-Command_line_suite" title="Maven_package.Test_default_template_for_extend_power_system" hash-for-method="Default_template_power_extend">Default_template_power_extend</a> <!-- method navigator-link -->
                      </span>
                      <br/>
                      <span>
                        <img width="3%" src="failed.png"/>
                        <a href="#" class="method navigator-link" panel-name="suite-Command_line_suite" title="Maven_package.Test_Submit_Extension_form" hash-for-method="Submit_extension">Submit_extension</a> <!-- method navigator-link -->
                      </span>
                      <br/>
                      <span>
                        <img width="3%" src="failed.png"/>
                        <a href="#" class="method navigator-link" panel-name="suite-Command_line_suite" title="Maven_package.Test_Incomplete_reprocess_system_storage" hash-for-method="Test_Inc_Rep">Test_Inc_Rep</a> <!-- method navigator-link -->
                      </span>
                      <br/>
                      <span>
                        <img width="3%" src="failed.png"/>
                        <a href="#" class="method navigator-link" panel-name="suite-Command_line_suite" title="Maven_package.Test_Rejected_reprocess_power_system" hash-for-method="Test_Rej_Rep">Test_Rej_Rep</a> <!-- method navigator-link -->
                      </span>
                      <br/>
                      <span>
                        <img width="3%" src="failed.png"/>
                        <a href="#" class="method navigator-link" panel-name="suite-Command_line_suite" title="Maven_package.Test_Rejected_reprocess_LinuxONE" hash-for-method="Test_Rej_linuxone">Test_Rej_linuxone</a> <!-- method navigator-link -->
                      </span>
                      <br/>
                      <span>
                        <img width="3%" src="failed.png"/>
                        <a href="#" class="method navigator-link" panel-name="suite-Command_line_suite" title="Maven_package.TestCase2842_power" hash-for-method="f">f</a> <!-- method navigator-link -->
                      </span>
                      <br/>
                      <span>
                        <img width="3%" src="failed.png"/>
                        <a href="#" class="method navigator-link" panel-name="suite-Command_line_suite" title="Maven_package.Test_GPP_Validation_Power_System" hash-for-method="gpp_validation">gpp_validation</a> <!-- method navigator-link -->
                      </span>
                      <br/>
                      <span>
                        <img width="3%" src="failed.png"/>
                        <a href="#" class="method navigator-link" panel-name="suite-Command_line_suite" title="Maven_package.Test_GPP_Validation_System_storage" hash-for-method="gpp_validation_system">gpp_validation_system</a> <!-- method navigator-link -->
                      </span>
                      <br/>
                      <span>
                        <img width="3%" src="failed.png"/>
                        <a href="#" class="method navigator-link" panel-name="suite-Command_line_suite" title="Maven_package.Test_Update_Power_system" hash-for-method="test_upd_from_app_PS">test_upd_from_app_PS</a> <!-- method navigator-link -->
                      </span>
                      <br/>
                      <span>
                        <img width="3%" src="failed.png"/>
                        <a href="#" class="method navigator-link" panel-name="suite-Command_line_suite" title="Maven_package.Test_Update_System_storage" hash-for-method="test_upd_from_app_SS">test_upd_from_app_SS</a> <!-- method navigator-link -->
                      </span>
                      <br/>
                      <span>
                        <img width="3%" src="failed.png"/>
                        <a href="#" class="method navigator-link" panel-name="suite-Command_line_suite" title="Maven_package.Test_Update_LinuxONE" hash-for-method="test_upd_from_app_linuxone">test_upd_from_app_linuxone</a> <!-- method navigator-link -->
                      </span>
                      <br/>
                    </div> <!-- method-list-content failed suite-Command_line_suite -->
                  </li>
                  <li>
                    <span class="method-list-title skipped">Skipped methods</span>
                    <span class="show-or-hide-methods skipped">
                      <a href="#" panel-name="suite-Command_line_suite" class="hide-methods skipped suite-Command_line_suite"> (hide)</a> <!-- hide-methods skipped suite-Command_line_suite -->
                      <a href="#" panel-name="suite-Command_line_suite" class="show-methods skipped suite-Command_line_suite"> (show)</a> <!-- show-methods skipped suite-Command_line_suite -->
                    </span>
                    <div class="method-list-content skipped suite-Command_line_suite">
                      <span>
                        <img width="3%" src="skipped.png"/>
                        <a href="#" class="method navigator-link" panel-name="suite-Command_line_suite" title="Maven_package.Test_default_template_for_extend_power_system" hash-for-method="login_bp">login_bp</a> <!-- method navigator-link -->
                      </span>
                      <br/>
                      <span>
                        <img width="3%" src="skipped.png"/>
                        <a href="#" class="method navigator-link" panel-name="suite-Command_line_suite" title="Maven_package.Test_GPP_Validation_Power_System" hash-for-method="login_bp">login_bp</a> <!-- method navigator-link -->
                      </span>
                      <br/>
                      <span>
                        <img width="3%" src="skipped.png"/>
                        <a href="#" class="method navigator-link" panel-name="suite-Command_line_suite" title="Maven_package.Test_Submit_Extension_form" hash-for-method="login_bp">login_bp</a> <!-- method navigator-link -->
                      </span>
                      <br/>
                      <span>
                        <img width="3%" src="skipped.png"/>
                        <a href="#" class="method navigator-link" panel-name="suite-Command_line_suite" title="Maven_package.Test_GPP_Validation_System_storage" hash-for-method="login_bp">login_bp</a> <!-- method navigator-link -->
                      </span>
                      <br/>
                      <span>
                        <img width="3%" src="skipped.png"/>
                        <a href="#" class="method navigator-link" panel-name="suite-Command_line_suite" title="Maven_package.Test_GPP_Validation_Power_System" hash-for-method="login_w3">login_w3</a> <!-- method navigator-link -->
                      </span>
                      <br/>
                      <span>
                        <img width="3%" src="skipped.png"/>
                        <a href="#" class="method navigator-link" panel-name="suite-Command_line_suite" title="Maven_package.Test_default_template_for_extend_power_system" hash-for-method="login_w3">login_w3</a> <!-- method navigator-link -->
                      </span>
                      <br/>
                      <span>
                        <img width="3%" src="skipped.png"/>
                        <a href="#" class="method navigator-link" panel-name="suite-Command_line_suite" title="Maven_package.Test_Submit_Extension_form" hash-for-method="login_w3">login_w3</a> <!-- method navigator-link -->
                      </span>
                      <br/>
                      <span>
                        <img width="3%" src="skipped.png"/>
                        <a href="#" class="method navigator-link" panel-name="suite-Command_line_suite" title="Maven_package.Test_GPP_Validation_System_storage" hash-for-method="login_w3">login_w3</a> <!-- method navigator-link -->
                      </span>
                      <br/>
                    </div> <!-- method-list-content skipped suite-Command_line_suite -->
                  </li>
                </ul>
              </div> <!-- suite-section-content -->
            </div> <!-- result-section -->
          </div> <!-- navigator-suite-content -->
        </div> <!-- rounded-window -->
      </div> <!-- suite -->
    </div> <!-- navigator-root -->
    <div class="wrapper">
      <div class="main-panel-root">
        <div panel-name="suite-Command_line_suite" class="panel Command_line_suite">
          <div class="suite-Command_line_suite-class-failed">
            <div class="main-panel-header rounded-window-top">
              <img src="failed.png"/>
              <span class="class-name">Maven_package.Test_Rejected_reprocess_power_system</span>
            </div> <!-- main-panel-header rounded-window-top -->
            <div class="main-panel-content rounded-window-bottom">
              <div class="method">
                <div class="method-content">
                  <a name="Test_Rej_Rep">
                  </a> <!-- Test_Rej_Rep -->
                  <span class="method-name">Test_Rej_Rep</span>
                  <div class="stack-trace">java.lang.NoClassDefFoundError: org/apache/poi/xssf/usermodel/XSSFWorkbook
	at resources.Excel_input.readExcel(Excel_input.java:21)
	at resources.Login.login_w3(Login.java:51)
	at Maven_package.Test_Rejected_reprocess_power_system.Test_Rej_Rep(Test_Rejected_reprocess_power_system.java:40)
... Removed 34 stack frames
</div> <!-- stack-trace -->
                </div> <!-- method-content -->
              </div> <!-- method -->
            </div> <!-- main-panel-content rounded-window-bottom -->
          </div> <!-- suite-Command_line_suite-class-failed -->
          <div class="suite-Command_line_suite-class-failed">
            <div class="main-panel-header rounded-window-top">
              <img src="failed.png"/>
              <span class="class-name">Maven_package.Test_GPP_Validation_System_storage</span>
            </div> <!-- main-panel-header rounded-window-top -->
            <div class="main-panel-content rounded-window-bottom">
              <div class="method">
                <div class="method-content">
                  <a name="gpp_validation_system">
                  </a> <!-- gpp_validation_system -->
                  <span class="method-name">gpp_validation_system</span>
                  <div class="stack-trace">java.lang.NoClassDefFoundError: org/apache/poi/xssf/usermodel/XSSFWorkbook
	at resources.Excel_input.readExcel(Excel_input.java:21)
	at resources.Login.login_bp(Login.java:23)
	at Maven_package.Test_GPP_Validation_System_storage.gpp_validation_system(Test_GPP_Validation_System_storage.java:50)
... Removed 34 stack frames
</div> <!-- stack-trace -->
                </div> <!-- method-content -->
              </div> <!-- method -->
            </div> <!-- main-panel-content rounded-window-bottom -->
          </div> <!-- suite-Command_line_suite-class-failed -->
          <div class="suite-Command_line_suite-class-failed">
            <div class="main-panel-header rounded-window-top">
              <img src="failed.png"/>
              <span class="class-name">Maven_package.Test_GPP_Validation_Power_System</span>
            </div> <!-- main-panel-header rounded-window-top -->
            <div class="main-panel-content rounded-window-bottom">
              <div class="method">
                <div class="method-content">
                  <a name="gpp_validation">
                  </a> <!-- gpp_validation -->
                  <span class="method-name">gpp_validation</span>
                  <div class="stack-trace">java.lang.NoClassDefFoundError: org/apache/poi/xssf/usermodel/XSSFWorkbook
	at resources.Excel_input.readExcel(Excel_input.java:21)
	at resources.Login.login_bp(Login.java:23)
	at Maven_package.Test_GPP_Validation_Power_System.gpp_validation(Test_GPP_Validation_Power_System.java:54)
Caused by: java.lang.ClassNotFoundException: org.apache.poi.xssf.usermodel.XSSFWorkbook
	at java.net.URLClassLoader$1.run(URLClassLoader.java:366)
	at java.net.URLClassLoader$1.run(URLClassLoader.java:355)
	at java.security.AccessController.doPrivileged(Native Method)
	at java.net.URLClassLoader.findClass(URLClassLoader.java:354)
	at java.lang.ClassLoader.loadClass(ClassLoader.java:425)
	at sun.misc.Launcher$AppClassLoader.loadClass(Launcher.java:308)
	at java.lang.ClassLoader.loadClass(ClassLoader.java:358)
	... 37 more
... Removed 34 stack frames
</div> <!-- stack-trace -->
                </div> <!-- method-content -->
              </div> <!-- method -->
            </div> <!-- main-panel-content rounded-window-bottom -->
          </div> <!-- suite-Command_line_suite-class-failed -->
          <div class="suite-Command_line_suite-class-failed">
            <div class="main-panel-header rounded-window-top">
              <img src="failed.png"/>
              <span class="class-name">Maven_package.Test_default_template_for_update_LinuxONE</span>
            </div> <!-- main-panel-header rounded-window-top -->
            <div class="main-panel-content rounded-window-bottom">
              <div class="method">
                <div class="method-content">
                  <a name="Default_template_LinuxONE_update">
                  </a> <!-- Default_template_LinuxONE_update -->
                  <span class="method-name">Default_template_LinuxONE_update</span>
                  <div class="stack-trace">java.lang.NoClassDefFoundError: org/apache/poi/xssf/usermodel/XSSFWorkbook
	at resources.Excel_input.readExcel(Excel_input.java:21)
	at Maven_package.Test_default_template_for_update_LinuxONE.Default_template_LinuxONE_update(Test_default_template_for_update_LinuxONE.java:46)
... Removed 34 stack frames
</div> <!-- stack-trace -->
                </div> <!-- method-content -->
              </div> <!-- method -->
            </div> <!-- main-panel-content rounded-window-bottom -->
          </div> <!-- suite-Command_line_suite-class-failed -->
          <div class="suite-Command_line_suite-class-failed">
            <div class="main-panel-header rounded-window-top">
              <img src="failed.png"/>
              <span class="class-name">Maven_package.Test_Rejected_reprocess_LinuxONE</span>
            </div> <!-- main-panel-header rounded-window-top -->
            <div class="main-panel-content rounded-window-bottom">
              <div class="method">
                <div class="method-content">
                  <a name="Test_Rej_linuxone">
                  </a> <!-- Test_Rej_linuxone -->
                  <span class="method-name">Test_Rej_linuxone</span>
                  <div class="stack-trace">java.lang.NoClassDefFoundError: org/apache/poi/xssf/usermodel/XSSFWorkbook
	at resources.Excel_input.readExcel(Excel_input.java:21)
	at resources.Login.login_w3(Login.java:51)
	at Maven_package.Test_Rejected_reprocess_LinuxONE.Test_Rej_linuxone(Test_Rejected_reprocess_LinuxONE.java:41)
... Removed 34 stack frames
</div> <!-- stack-trace -->
                </div> <!-- method-content -->
              </div> <!-- method -->
            </div> <!-- main-panel-content rounded-window-bottom -->
          </div> <!-- suite-Command_line_suite-class-failed -->
          <div class="suite-Command_line_suite-class-failed">
            <div class="main-panel-header rounded-window-top">
              <img src="failed.png"/>
              <span class="class-name">Maven_package.Test_Incomplete_reprocess_system_storage</span>
            </div> <!-- main-panel-header rounded-window-top -->
            <div class="main-panel-content rounded-window-bottom">
              <div class="method">
                <div class="method-content">
                  <a name="Test_Inc_Rep">
                  </a> <!-- Test_Inc_Rep -->
                  <span class="method-name">Test_Inc_Rep</span>
                  <div class="stack-trace">java.lang.NoClassDefFoundError: org/apache/poi/xssf/usermodel/XSSFWorkbook
	at resources.Excel_input.readExcel(Excel_input.java:21)
	at resources.Login.login_w3(Login.java:51)
	at Maven_package.Test_Incomplete_reprocess_system_storage.Test_Inc_Rep(Test_Incomplete_reprocess_system_storage.java:39)
... Removed 34 stack frames
</div> <!-- stack-trace -->
                </div> <!-- method-content -->
              </div> <!-- method -->
            </div> <!-- main-panel-content rounded-window-bottom -->
          </div> <!-- suite-Command_line_suite-class-failed -->
          <div class="suite-Command_line_suite-class-failed">
            <div class="main-panel-header rounded-window-top">
              <img src="failed.png"/>
              <span class="class-name">Maven_package.Test_default_template_for_extend_power_system</span>
            </div> <!-- main-panel-header rounded-window-top -->
            <div class="main-panel-content rounded-window-bottom">
              <div class="method">
                <div class="method-content">
                  <a name="Default_template_power_extend">
                  </a> <!-- Default_template_power_extend -->
                  <span class="method-name">Default_template_power_extend</span>
                  <div class="stack-trace">java.lang.NoClassDefFoundError: org/apache/poi/xssf/usermodel/XSSFWorkbook
	at resources.Excel_input.readExcel(Excel_input.java:21)
	at Maven_package.Test_default_template_for_extend_power_system.Default_template_power_extend(Test_default_template_for_extend_power_system.java:43)
... Removed 34 stack frames
</div> <!-- stack-trace -->
                </div> <!-- method-content -->
              </div> <!-- method -->
            </div> <!-- main-panel-content rounded-window-bottom -->
          </div> <!-- suite-Command_line_suite-class-failed -->
          <div class="suite-Command_line_suite-class-failed">
            <div class="main-panel-header rounded-window-top">
              <img src="failed.png"/>
              <span class="class-name">Maven_package.TestCase2842_power</span>
            </div> <!-- main-panel-header rounded-window-top -->
            <div class="main-panel-content rounded-window-bottom">
              <div class="method">
                <div class="method-content">
                  <a name="f">
                  </a> <!-- f -->
                  <span class="method-name">f</span>
                  <div class="stack-trace">java.lang.NullPointerException
	at java.util.Properties$LineReader.readLine(Properties.java:434)
	at java.util.Properties.load0(Properties.java:353)
	at java.util.Properties.load(Properties.java:341)
	at Maven_package.TestCase2842_power.f(TestCase2842_power.java:46)
... Removed 34 stack frames
</div> <!-- stack-trace -->
                </div> <!-- method-content -->
              </div> <!-- method -->
            </div> <!-- main-panel-content rounded-window-bottom -->
          </div> <!-- suite-Command_line_suite-class-failed -->
          <div class="suite-Command_line_suite-class-failed">
            <div class="main-panel-header rounded-window-top">
              <img src="failed.png"/>
              <span class="class-name">Maven_package.Test_Submit_Extension_form</span>
            </div> <!-- main-panel-header rounded-window-top -->
            <div class="main-panel-content rounded-window-bottom">
              <div class="method">
                <div class="method-content">
                  <a name="Submit_extension">
                  </a> <!-- Submit_extension -->
                  <span class="method-name">Submit_extension</span>
                  <div class="stack-trace">java.lang.NoClassDefFoundError: org/apache/poi/xssf/usermodel/XSSFWorkbook
	at resources.Excel_input.readExcel(Excel_input.java:21)
	at resources.Login.login_bp(Login.java:23)
	at Maven_package.Test_Submit_Extension_form.Submit_extension(Test_Submit_Extension_form.java:46)
... Removed 34 stack frames
</div> <!-- stack-trace -->
                </div> <!-- method-content -->
              </div> <!-- method -->
            </div> <!-- main-panel-content rounded-window-bottom -->
          </div> <!-- suite-Command_line_suite-class-failed -->
          <div class="suite-Command_line_suite-class-failed">
            <div class="main-panel-header rounded-window-top">
              <img src="failed.png"/>
              <span class="class-name">Maven_package.Test_default_template_for_update_system_storage</span>
            </div> <!-- main-panel-header rounded-window-top -->
            <div class="main-panel-content rounded-window-bottom">
              <div class="method">
                <div class="method-content">
                  <a name="Default_template_LinuxONE_update">
                  </a> <!-- Default_template_LinuxONE_update -->
                  <span class="method-name">Default_template_LinuxONE_update</span>
                  <div class="stack-trace">java.lang.NoClassDefFoundError: org/apache/poi/xssf/usermodel/XSSFWorkbook
	at resources.Excel_input.readExcel(Excel_input.java:21)
	at Maven_package.Test_default_template_for_update_system_storage.Default_template_LinuxONE_update(Test_default_template_for_update_system_storage.java:46)
... Removed 34 stack frames
</div> <!-- stack-trace -->
                </div> <!-- method-content -->
              </div> <!-- method -->
            </div> <!-- main-panel-content rounded-window-bottom -->
          </div> <!-- suite-Command_line_suite-class-failed -->
          <div class="suite-Command_line_suite-class-failed">
            <div class="main-panel-header rounded-window-top">
              <img src="failed.png"/>
              <span class="class-name">Maven_package.Test_Update_System_storage</span>
            </div> <!-- main-panel-header rounded-window-top -->
            <div class="main-panel-content rounded-window-bottom">
              <div class="method">
                <div class="method-content">
                  <a name="test_upd_from_app_SS">
                  </a> <!-- test_upd_from_app_SS -->
                  <span class="method-name">test_upd_from_app_SS</span>
                  <div class="stack-trace">java.lang.NoClassDefFoundError: org/apache/poi/xssf/usermodel/XSSFWorkbook
	at resources.Excel_input.readExcel(Excel_input.java:21)
	at resources.Login.login_bp(Login.java:23)
	at Maven_package.Test_Update_System_storage.test_upd_from_app_SS(Test_Update_System_storage.java:41)
... Removed 34 stack frames
</div> <!-- stack-trace -->
                </div> <!-- method-content -->
              </div> <!-- method -->
            </div> <!-- main-panel-content rounded-window-bottom -->
          </div> <!-- suite-Command_line_suite-class-failed -->
          <div class="suite-Command_line_suite-class-failed">
            <div class="main-panel-header rounded-window-top">
              <img src="failed.png"/>
              <span class="class-name">Maven_package.Test_Update_LinuxONE</span>
            </div> <!-- main-panel-header rounded-window-top -->
            <div class="main-panel-content rounded-window-bottom">
              <div class="method">
                <div class="method-content">
                  <a name="test_upd_from_app_linuxone">
                  </a> <!-- test_upd_from_app_linuxone -->
                  <span class="method-name">test_upd_from_app_linuxone</span>
                  <div class="stack-trace">java.lang.NoClassDefFoundError: org/apache/poi/xssf/usermodel/XSSFWorkbook
	at resources.Excel_input.readExcel(Excel_input.java:21)
	at resources.Login.login_bp(Login.java:23)
	at Maven_package.Test_Update_LinuxONE.test_upd_from_app_linuxone(Test_Update_LinuxONE.java:41)
... Removed 34 stack frames
</div> <!-- stack-trace -->
                </div> <!-- method-content -->
              </div> <!-- method -->
            </div> <!-- main-panel-content rounded-window-bottom -->
          </div> <!-- suite-Command_line_suite-class-failed -->
          <div class="suite-Command_line_suite-class-failed">
            <div class="main-panel-header rounded-window-top">
              <img src="failed.png"/>
              <span class="class-name">Maven_package.Test_Update_Power_system</span>
            </div> <!-- main-panel-header rounded-window-top -->
            <div class="main-panel-content rounded-window-bottom">
              <div class="method">
                <div class="method-content">
                  <a name="test_upd_from_app_PS">
                  </a> <!-- test_upd_from_app_PS -->
                  <span class="method-name">test_upd_from_app_PS</span>
                  <div class="stack-trace">java.lang.NoClassDefFoundError: org/apache/poi/xssf/usermodel/XSSFWorkbook
	at resources.Excel_input.readExcel(Excel_input.java:21)
	at resources.Login.login_bp(Login.java:23)
	at Maven_package.Test_Update_Power_system.test_upd_from_app_PS(Test_Update_Power_system.java:39)
... Removed 34 stack frames
</div> <!-- stack-trace -->
                </div> <!-- method-content -->
              </div> <!-- method -->
            </div> <!-- main-panel-content rounded-window-bottom -->
          </div> <!-- suite-Command_line_suite-class-failed -->
          <div class="suite-Command_line_suite-class-skipped">
            <div class="main-panel-header rounded-window-top">
              <img src="skipped.png"/>
              <span class="class-name">Maven_package.Test_GPP_Validation_System_storage</span>
            </div> <!-- main-panel-header rounded-window-top -->
            <div class="main-panel-content rounded-window-bottom">
              <div class="method">
                <div class="method-content">
                  <a name="login_bp">
                  </a> <!-- login_bp -->
                  <span class="method-name">login_bp</span>
                  <div class="stack-trace">org.testng.TestNGException: 
Method login_bp requires 1 parameters but 0 were supplied in the @Test annotation.
... Removed 33 stack frames
</div> <!-- stack-trace -->
                </div> <!-- method-content -->
              </div> <!-- method -->
              <div class="method">
                <div class="method-content">
                  <a name="login_w3">
                  </a> <!-- login_w3 -->
                  <span class="method-name">login_w3</span>
                  <div class="stack-trace">org.testng.TestNGException: 
Method login_w3 requires 1 parameters but 0 were supplied in the @Test annotation.
... Removed 33 stack frames
</div> <!-- stack-trace -->
                </div> <!-- method-content -->
              </div> <!-- method -->
            </div> <!-- main-panel-content rounded-window-bottom -->
          </div> <!-- suite-Command_line_suite-class-skipped -->
          <div class="suite-Command_line_suite-class-skipped">
            <div class="main-panel-header rounded-window-top">
              <img src="skipped.png"/>
              <span class="class-name">Maven_package.Test_GPP_Validation_Power_System</span>
            </div> <!-- main-panel-header rounded-window-top -->
            <div class="main-panel-content rounded-window-bottom">
              <div class="method">
                <div class="method-content">
                  <a name="login_bp">
                  </a> <!-- login_bp -->
                  <span class="method-name">login_bp</span>
                  <div class="stack-trace">org.testng.TestNGException: 
Method login_bp requires 1 parameters but 0 were supplied in the @Test annotation.
... Removed 33 stack frames
</div> <!-- stack-trace -->
                </div> <!-- method-content -->
              </div> <!-- method -->
              <div class="method">
                <div class="method-content">
                  <a name="login_w3">
                  </a> <!-- login_w3 -->
                  <span class="method-name">login_w3</span>
                  <div class="stack-trace">org.testng.TestNGException: 
Method login_w3 requires 1 parameters but 0 were supplied in the @Test annotation.
... Removed 33 stack frames
</div> <!-- stack-trace -->
                </div> <!-- method-content -->
              </div> <!-- method -->
            </div> <!-- main-panel-content rounded-window-bottom -->
          </div> <!-- suite-Command_line_suite-class-skipped -->
          <div class="suite-Command_line_suite-class-skipped">
            <div class="main-panel-header rounded-window-top">
              <img src="skipped.png"/>
              <span class="class-name">Maven_package.Test_Submit_Extension_form</span>
            </div> <!-- main-panel-header rounded-window-top -->
            <div class="main-panel-content rounded-window-bottom">
              <div class="method">
                <div class="method-content">
                  <a name="login_bp">
                  </a> <!-- login_bp -->
                  <span class="method-name">login_bp</span>
                  <div class="stack-trace">org.testng.TestNGException: 
Method login_bp requires 1 parameters but 0 were supplied in the @Test annotation.
... Removed 33 stack frames
</div> <!-- stack-trace -->
                </div> <!-- method-content -->
              </div> <!-- method -->
              <div class="method">
                <div class="method-content">
                  <a name="login_w3">
                  </a> <!-- login_w3 -->
                  <span class="method-name">login_w3</span>
                  <div class="stack-trace">org.testng.TestNGException: 
Method login_w3 requires 1 parameters but 0 were supplied in the @Test annotation.
... Removed 33 stack frames
</div> <!-- stack-trace -->
                </div> <!-- method-content -->
              </div> <!-- method -->
            </div> <!-- main-panel-content rounded-window-bottom -->
          </div> <!-- suite-Command_line_suite-class-skipped -->
          <div class="suite-Command_line_suite-class-skipped">
            <div class="main-panel-header rounded-window-top">
              <img src="skipped.png"/>
              <span class="class-name">Maven_package.Test_default_template_for_extend_power_system</span>
            </div> <!-- main-panel-header rounded-window-top -->
            <div class="main-panel-content rounded-window-bottom">
              <div class="method">
                <div class="method-content">
                  <a name="login_bp">
                  </a> <!-- login_bp -->
                  <span class="method-name">login_bp</span>
                  <div class="stack-trace">org.testng.TestNGException: 
Method login_bp requires 1 parameters but 0 were supplied in the @Test annotation.
... Removed 33 stack frames
</div> <!-- stack-trace -->
                </div> <!-- method-content -->
              </div> <!-- method -->
              <div class="method">
                <div class="method-content">
                  <a name="login_w3">
                  </a> <!-- login_w3 -->
                  <span class="method-name">login_w3</span>
                  <div class="stack-trace">org.testng.TestNGException: 
Method login_w3 requires 1 parameters but 0 were supplied in the @Test annotation.
... Removed 33 stack frames
</div> <!-- stack-trace -->
                </div> <!-- method-content -->
              </div> <!-- method -->
            </div> <!-- main-panel-content rounded-window-bottom -->
          </div> <!-- suite-Command_line_suite-class-skipped -->
        </div> <!-- panel Command_line_suite -->
        <div panel-name="test-xml-Command_line_suite" class="panel">
          <div class="main-panel-header rounded-window-top">
          </div> <!-- main-panel-header rounded-window-top -->
          <div class="main-panel-content rounded-window-bottom">
            <pre>
&lt;?xml version=&quot;1.0&quot; encoding=&quot;UTF-8&quot;?&gt;
&lt;!DOCTYPE suite SYSTEM &quot;http://testng.org/testng-1.0.dtd&quot;&gt;
&lt;suite verbose=&quot;0&quot; name=&quot;Command line suite&quot;&gt;
  &lt;test name=&quot;Command line test&quot; preserve-order=&quot;false&quot;&gt;
    &lt;classes&gt;
      &lt;class name=&quot;Maven_package.TestCase2842_power&quot;/&gt;
      &lt;class name=&quot;Maven_package.Test_default_template_for_extend_power_system&quot;/&gt;
      &lt;class name=&quot;Maven_package.Test_default_template_for_update_LinuxONE&quot;/&gt;
      &lt;class name=&quot;Maven_package.Test_default_template_for_update_system_storage&quot;/&gt;
      &lt;class name=&quot;Maven_package.Test_GPP_Validation_Power_System&quot;/&gt;
      &lt;class name=&quot;Maven_package.Test_GPP_Validation_System_storage&quot;/&gt;
      &lt;class name=&quot;Maven_package.Test_Incomplete_reprocess_system_storage&quot;/&gt;
      &lt;class name=&quot;Maven_package.Test_Rejected_reprocess_LinuxONE&quot;/&gt;
      &lt;class name=&quot;Maven_package.Test_Rejected_reprocess_power_system&quot;/&gt;
      &lt;class name=&quot;Maven_package.Test_Submit_Extension_form&quot;/&gt;
      &lt;class name=&quot;Maven_package.Test_Update_LinuxONE&quot;/&gt;
      &lt;class name=&quot;Maven_package.Test_Update_Power_system&quot;/&gt;
      &lt;class name=&quot;Maven_package.Test_Update_System_storage&quot;/&gt;
    &lt;/classes&gt;
  &lt;/test&gt; &lt;!-- Command line test --&gt;
&lt;/suite&gt; &lt;!-- Command line suite --&gt;
            </pre>
          </div> <!-- main-panel-content rounded-window-bottom -->
        </div> <!-- panel -->
        <div panel-name="testlist-Command_line_suite" class="panel">
          <div class="main-panel-header rounded-window-top">
            <span class="header-content">Tests for Command line suite</span>
          </div> <!-- main-panel-header rounded-window-top -->
          <div class="main-panel-content rounded-window-bottom">
            <ul>
              <li>
                <span class="test-name">Command line test (13 classes)</span>
              </li>
            </ul>
          </div> <!-- main-panel-content rounded-window-bottom -->
        </div> <!-- panel -->
        <div panel-name="group-Command_line_suite" class="panel">
          <div class="main-panel-header rounded-window-top">
            <span class="header-content">Groups for Command line suite</span>
          </div> <!-- main-panel-header rounded-window-top -->
          <div class="main-panel-content rounded-window-bottom">
          </div> <!-- main-panel-content rounded-window-bottom -->
        </div> <!-- panel -->
        <div panel-name="times-Command_line_suite" class="panel">
          <div class="main-panel-header rounded-window-top">
            <span class="header-content">Times for Command line suite</span>
          </div> <!-- main-panel-header rounded-window-top -->
          <div class="main-panel-content rounded-window-bottom">
            <div class="times-div">
              <script type="text/javascript">
suiteTableInitFunctions.push('tableData_Command_line_suite');
function tableData_Command_line_suite() {
var data = new google.visualization.DataTable();
data.addColumn('number', 'Number');
data.addColumn('string', 'Method');
data.addColumn('string', 'Class');
data.addColumn('number', 'Time (ms)');
data.addRows(21);
data.setCell(0, 0, 0)
data.setCell(0, 1, 'Default_template_LinuxONE_update')
data.setCell(0, 2, 'Maven_package.Test_default_template_for_update_LinuxONE')
data.setCell(0, 3, 2902);
data.setCell(1, 0, 1)
data.setCell(1, 1, 'test_upd_from_app_PS')
data.setCell(1, 2, 'Maven_package.Test_Update_Power_system')
data.setCell(1, 3, 16);
data.setCell(2, 0, 2)
data.setCell(2, 1, 'gpp_validation')
data.setCell(2, 2, 'Maven_package.Test_GPP_Validation_Power_System')
data.setCell(2, 3, 16);
data.setCell(3, 0, 3)
data.setCell(3, 1, 'f')
data.setCell(3, 2, 'Maven_package.TestCase2842_power')
data.setCell(3, 3, 16);
data.setCell(4, 0, 4)
data.setCell(4, 1, 'Test_Inc_Rep')
data.setCell(4, 2, 'Maven_package.Test_Incomplete_reprocess_system_storage')
data.setCell(4, 3, 0);
data.setCell(5, 0, 5)
data.setCell(5, 1, 'test_upd_from_app_linuxone')
data.setCell(5, 2, 'Maven_package.Test_Update_LinuxONE')
data.setCell(5, 3, 0);
data.setCell(6, 0, 6)
data.setCell(6, 1, 'Default_template_power_extend')
data.setCell(6, 2, 'Maven_package.Test_default_template_for_extend_power_system')
data.setCell(6, 3, 0);
data.setCell(7, 0, 7)
data.setCell(7, 1, 'Test_Rej_Rep')
data.setCell(7, 2, 'Maven_package.Test_Rejected_reprocess_power_system')
data.setCell(7, 3, 0);
data.setCell(8, 0, 8)
data.setCell(8, 1, 'Test_Rej_linuxone')
data.setCell(8, 2, 'Maven_package.Test_Rejected_reprocess_LinuxONE')
data.setCell(8, 3, 0);
data.setCell(9, 0, 9)
data.setCell(9, 1, 'gpp_validation_system')
data.setCell(9, 2, 'Maven_package.Test_GPP_Validation_System_storage')
data.setCell(9, 3, 0);
data.setCell(10, 0, 10)
data.setCell(10, 1, 'test_upd_from_app_SS')
data.setCell(10, 2, 'Maven_package.Test_Update_System_storage')
data.setCell(10, 3, 0);
data.setCell(11, 0, 11)
data.setCell(11, 1, 'Default_template_LinuxONE_update')
data.setCell(11, 2, 'Maven_package.Test_default_template_for_update_system_storage')
data.setCell(11, 3, 0);
data.setCell(12, 0, 12)
data.setCell(12, 1, 'Submit_extension')
data.setCell(12, 2, 'Maven_package.Test_Submit_Extension_form')
data.setCell(12, 3, 0);
data.setCell(13, 0, 13)
data.setCell(13, 1, 'login_w3')
data.setCell(13, 2, 'Maven_package.Test_GPP_Validation_Power_System')
data.setCell(13, 3, 0);
data.setCell(14, 0, 14)
data.setCell(14, 1, 'login_w3')
data.setCell(14, 2, 'Maven_package.Test_default_template_for_extend_power_system')
data.setCell(14, 3, 0);
data.setCell(15, 0, 15)
data.setCell(15, 1, 'login_bp')
data.setCell(15, 2, 'Maven_package.Test_default_template_for_extend_power_system')
data.setCell(15, 3, 0);
data.setCell(16, 0, 16)
data.setCell(16, 1, 'login_w3')
data.setCell(16, 2, 'Maven_package.Test_Submit_Extension_form')
data.setCell(16, 3, 0);
data.setCell(17, 0, 17)
data.setCell(17, 1, 'login_w3')
data.setCell(17, 2, 'Maven_package.Test_GPP_Validation_System_storage')
data.setCell(17, 3, 0);
data.setCell(18, 0, 18)
data.setCell(18, 1, 'login_bp')
data.setCell(18, 2, 'Maven_package.Test_GPP_Validation_Power_System')
data.setCell(18, 3, 0);
data.setCell(19, 0, 19)
data.setCell(19, 1, 'login_bp')
data.setCell(19, 2, 'Maven_package.Test_Submit_Extension_form')
data.setCell(19, 3, 0);
data.setCell(20, 0, 20)
data.setCell(20, 1, 'login_bp')
data.setCell(20, 2, 'Maven_package.Test_GPP_Validation_System_storage')
data.setCell(20, 3, 0);
window.suiteTableData['Command_line_suite']= { tableData: data, tableDiv: 'times-div-Command_line_suite'}
return data;
}
              </script>
              <span class="suite-total-time">Total running time: 2 seconds</span>
              <div id="times-div-Command_line_suite">
              </div> <!-- times-div-Command_line_suite -->
            </div> <!-- times-div -->
          </div> <!-- main-panel-content rounded-window-bottom -->
        </div> <!-- panel -->
        <div panel-name="reporter-Command_line_suite" class="panel">
          <div class="main-panel-header rounded-window-top">
            <span class="header-content">Reporter output for Command line suite</span>
          </div> <!-- main-panel-header rounded-window-top -->
          <div class="main-panel-content rounded-window-bottom">
          </div> <!-- main-panel-content rounded-window-bottom -->
        </div> <!-- panel -->
        <div panel-name="ignored-methods-Command_line_suite" class="panel">
          <div class="main-panel-header rounded-window-top">
            <span class="header-content">0 ignored methods</span>
          </div> <!-- main-panel-header rounded-window-top -->
          <div class="main-panel-content rounded-window-bottom">
          </div> <!-- main-panel-content rounded-window-bottom -->
        </div> <!-- panel -->
        <div panel-name="chronological-Command_line_suite" class="panel">
          <div class="main-panel-header rounded-window-top">
            <span class="header-content">Methods in chronological order</span>
          </div> <!-- main-panel-header rounded-window-top -->
          <div class="main-panel-content rounded-window-bottom">
            <div class="chronological-class">
              <div class="chronological-class-name">Maven_package.Test_GPP_Validation_Power_System</div> <!-- chronological-class-name -->
              <div class="configuration-test before">
                <span class="method-name">startBrowser</span>
                <span class="method-start">0 ms</span>
              </div> <!-- configuration-test before -->
            </div> <!-- chronological-class -->
            <div class="chronological-class">
              <div class="chronological-class-name">Maven_package.Test_GPP_Validation_System_storage</div> <!-- chronological-class-name -->
              <div class="configuration-test before">
                <span class="method-name">startBrowser</span>
                <span class="method-start">3807 ms</span>
              </div> <!-- configuration-test before -->
            </div> <!-- chronological-class -->
            <div class="chronological-class">
              <div class="chronological-class-name">Maven_package.Test_Incomplete_reprocess_system_storage</div> <!-- chronological-class-name -->
              <div class="configuration-test before">
                <span class="method-name">startBrowser</span>
                <span class="method-start">6366 ms</span>
              </div> <!-- configuration-test before -->
            </div> <!-- chronological-class -->
            <div class="chronological-class">
              <div class="chronological-class-name">Maven_package.Test_Rejected_reprocess_LinuxONE</div> <!-- chronological-class-name -->
              <div class="configuration-test before">
                <span class="method-name">startBrowser</span>
                <span class="method-start">9456 ms</span>
              </div> <!-- configuration-test before -->
            </div> <!-- chronological-class -->
            <div class="chronological-class">
              <div class="chronological-class-name">Maven_package.Test_Rejected_reprocess_power_system</div> <!-- chronological-class-name -->
              <div class="configuration-test before">
                <span class="method-name">startBrowser</span>
                <span class="method-start">11891 ms</span>
              </div> <!-- configuration-test before -->
            </div> <!-- chronological-class -->
            <div class="chronological-class">
              <div class="chronological-class-name">Maven_package.Test_Submit_Extension_form</div> <!-- chronological-class-name -->
              <div class="configuration-test before">
                <span class="method-name">startBrowser</span>
                <span class="method-start">14559 ms</span>
              </div> <!-- configuration-test before -->
            </div> <!-- chronological-class -->
            <div class="chronological-class">
              <div class="chronological-class-name">Maven_package.Test_Update_LinuxONE</div> <!-- chronological-class-name -->
              <div class="configuration-test before">
                <span class="method-name">startBrowser</span>
                <span class="method-start">17025 ms</span>
              </div> <!-- configuration-test before -->
            </div> <!-- chronological-class -->
            <div class="chronological-class">
              <div class="chronological-class-name">Maven_package.Test_Update_Power_system</div> <!-- chronological-class-name -->
              <div class="configuration-test before">
                <span class="method-name">startBrowser</span>
                <span class="method-start">19444 ms</span>
              </div> <!-- configuration-test before -->
            </div> <!-- chronological-class -->
            <div class="chronological-class">
              <div class="chronological-class-name">Maven_package.Test_Update_System_storage</div> <!-- chronological-class-name -->
              <div class="configuration-test before">
                <span class="method-name">startBrowser</span>
                <span class="method-start">21972 ms</span>
              </div> <!-- configuration-test before -->
            </div> <!-- chronological-class -->
            <div class="chronological-class">
              <div class="chronological-class-name">Maven_package.Test_default_template_for_extend_power_system</div> <!-- chronological-class-name -->
              <div class="configuration-test before">
                <span class="method-name">startBrowser</span>
                <span class="method-start">24610 ms</span>
              </div> <!-- configuration-test before -->
            </div> <!-- chronological-class -->
            <div class="chronological-class">
              <div class="chronological-class-name">Maven_package.Test_default_template_for_update_LinuxONE</div> <!-- chronological-class-name -->
              <div class="configuration-test before">
                <span class="method-name">startBrowser</span>
                <span class="method-start">27169 ms</span>
              </div> <!-- configuration-test before -->
            </div> <!-- chronological-class -->
            <div class="chronological-class">
              <div class="chronological-class-name">Maven_package.Test_default_template_for_update_system_storage</div> <!-- chronological-class-name -->
              <div class="configuration-test before">
                <span class="method-name">startBrowser</span>
                <span class="method-start">33379 ms</span>
              </div> <!-- configuration-test before -->
            </div> <!-- chronological-class -->
            <div class="chronological-class">
              <div class="chronological-class-name">Maven_package.Test_GPP_Validation_Power_System</div> <!-- chronological-class-name -->
              <div class="test-method">
                <img src="failed.png">
                </img>
                <span class="method-name">gpp_validation</span>
                <span class="method-start">36219 ms</span>
              </div> <!-- test-method -->
            </div> <!-- chronological-class -->
            <div class="chronological-class">
              <div class="chronological-class-name">Maven_package.Test_GPP_Validation_System_storage</div> <!-- chronological-class-name -->
              <div class="test-method">
                <img src="failed.png">
                </img>
                <span class="method-name">gpp_validation_system</span>
                <span class="method-start">36235 ms</span>
              </div> <!-- test-method -->
            </div> <!-- chronological-class -->
            <div class="chronological-class">
              <div class="chronological-class-name">Maven_package.Test_default_template_for_extend_power_system</div> <!-- chronological-class-name -->
              <div class="test-method">
                <img src="failed.png">
                </img>
                <span class="method-name">Default_template_power_extend</span>
                <span class="method-start">36250 ms</span>
              </div> <!-- test-method -->
            </div> <!-- chronological-class -->
            <div class="chronological-class">
              <div class="chronological-class-name">Maven_package.Test_Submit_Extension_form</div> <!-- chronological-class-name -->
              <div class="test-method">
                <img src="failed.png">
                </img>
                <span class="method-name">Submit_extension</span>
                <span class="method-start">36250 ms</span>
              </div> <!-- test-method -->
            </div> <!-- chronological-class -->
            <div class="chronological-class">
              <div class="chronological-class-name">Maven_package.TestCase2842_power</div> <!-- chronological-class-name -->
              <div class="test-method">
                <img src="failed.png">
                </img>
                <span class="method-name">f</span>
                <span class="method-start">36250 ms</span>
              </div> <!-- test-method -->
            </div> <!-- chronological-class -->
            <div class="chronological-class">
              <div class="chronological-class-name">Maven_package.Test_Incomplete_reprocess_system_storage</div> <!-- chronological-class-name -->
              <div class="test-method">
                <img src="failed.png">
                </img>
                <span class="method-name">Test_Inc_Rep</span>
                <span class="method-start">36266 ms</span>
              </div> <!-- test-method -->
            </div> <!-- chronological-class -->
            <div class="chronological-class">
              <div class="chronological-class-name">Maven_package.Test_Rejected_reprocess_power_system</div> <!-- chronological-class-name -->
              <div class="test-method">
                <img src="failed.png">
                </img>
                <span class="method-name">Test_Rej_Rep</span>
                <span class="method-start">36266 ms</span>
              </div> <!-- test-method -->
            </div> <!-- chronological-class -->
            <div class="chronological-class">
              <div class="chronological-class-name">Maven_package.Test_Rejected_reprocess_LinuxONE</div> <!-- chronological-class-name -->
              <div class="test-method">
                <img src="failed.png">
                </img>
                <span class="method-name">Test_Rej_linuxone</span>
                <span class="method-start">36266 ms</span>
              </div> <!-- test-method -->
            </div> <!-- chronological-class -->
            <div class="chronological-class">
              <div class="chronological-class-name">Maven_package.Test_Update_Power_system</div> <!-- chronological-class-name -->
              <div class="test-method">
                <img src="failed.png">
                </img>
                <span class="method-name">test_upd_from_app_PS</span>
                <span class="method-start">36266 ms</span>
              </div> <!-- test-method -->
            </div> <!-- chronological-class -->
            <div class="chronological-class">
              <div class="chronological-class-name">Maven_package.Test_Update_LinuxONE</div> <!-- chronological-class-name -->
              <div class="test-method">
                <img src="failed.png">
                </img>
                <span class="method-name">test_upd_from_app_linuxone</span>
                <span class="method-start">36266 ms</span>
              </div> <!-- test-method -->
            </div> <!-- chronological-class -->
            <div class="chronological-class">
              <div class="chronological-class-name">Maven_package.Test_default_template_for_update_LinuxONE</div> <!-- chronological-class-name -->
              <div class="test-method">
                <img src="failed.png">
                </img>
                <span class="method-name">Default_template_LinuxONE_update</span>
                <span class="method-start">36282 ms</span>
              </div> <!-- test-method -->
            </div> <!-- chronological-class -->
            <div class="chronological-class">
              <div class="chronological-class-name">Maven_package.Test_Update_System_storage</div> <!-- chronological-class-name -->
              <div class="test-method">
                <img src="failed.png">
                </img>
                <span class="method-name">test_upd_from_app_SS</span>
                <span class="method-start">36282 ms</span>
              </div> <!-- test-method -->
            </div> <!-- chronological-class -->
            <div class="chronological-class">
              <div class="chronological-class-name">Maven_package.Test_default_template_for_update_system_storage</div> <!-- chronological-class-name -->
              <div class="test-method">
                <img src="failed.png">
                </img>
                <span class="method-name">Default_template_LinuxONE_update</span>
                <span class="method-start">39200 ms</span>
              </div> <!-- test-method -->
          </div> <!-- main-panel-content rounded-window-bottom -->
        </div> <!-- panel -->
      </div> <!-- main-panel-root -->
    </div> <!-- wrapper -->
  </body>
</html>
