<?xml version="1.0" encoding="UTF-8"?>
<testng-results skipped="44" failed="0" total="44" passed="0">
  <reporter-output>
  </reporter-output>
  <suite name="Command line suite" duration-ms="65436" started-at="2016-09-02T07:37:46Z" finished-at="2016-09-02T07:38:52Z">
    <groups>
    </groups>
    <test name="Command line test" duration-ms="65436" started-at="2016-09-02T07:37:46Z" finished-at="2016-09-02T07:38:52Z">
      <class name="maven_package_2.Test_MSA_microflow_linuxOne">
        <test-method status="SKIP" signature="f_MSA_microflow_linuxOne()[pri:0, instance:maven_package_2.Test_MSA_microflow_linuxOne@27578fd9]" name="f_MSA_microflow_linuxOne" duration-ms="0" started-at="2016-09-02T13:08:52Z" finished-at="2016-09-02T13:08:52Z">
          <reporter-output>
          </reporter-output>
        </test-method> <!-- f_MSA_microflow_linuxOne -->
      </class> <!-- maven_package_2.Test_MSA_microflow_linuxOne -->
      <class name="maven_package_1.Test_default_template_for_update_system_storage">
        <test-method status="SKIP" signature="Default_template_LinuxONE_update()[pri:0, instance:maven_package_1.Test_default_template_for_update_system_storage@747bc0aa]" name="Default_template_LinuxONE_update" duration-ms="0" started-at="2016-09-02T13:08:52Z" finished-at="2016-09-02T13:08:52Z">
          <reporter-output>
          </reporter-output>
        </test-method> <!-- Default_template_LinuxONE_update -->
      </class> <!-- maven_package_1.Test_default_template_for_update_system_storage -->
      <class name="maven_package_2.Test_approve_ps">
        <test-method status="SKIP" signature="f_proxy_voting_power()[pri:0, instance:maven_package_2.Test_approve_ps@35a3bdbc]" name="f_proxy_voting_power" duration-ms="0" started-at="2016-09-02T13:08:52Z" finished-at="2016-09-02T13:08:52Z">
          <reporter-output>
          </reporter-output>
        </test-method> <!-- f_proxy_voting_power -->
      </class> <!-- maven_package_2.Test_approve_ps -->
      <class name="maven_package_1.Test_Rejected_reprocess_LinuxONE">
        <test-method status="SKIP" signature="Test_Rej_linuxone()[pri:0, instance:maven_package_1.Test_Rejected_reprocess_LinuxONE@33e27ed3]" name="Test_Rej_linuxone" duration-ms="3" started-at="2016-09-02T13:08:52Z" finished-at="2016-09-02T13:08:52Z">
          <reporter-output>
          </reporter-output>
        </test-method> <!-- Test_Rej_linuxone -->
      </class> <!-- maven_package_1.Test_Rejected_reprocess_LinuxONE -->
      <class name="maven_package_1.Test_default_template_for_update_LinuxONE">
        <test-method status="SKIP" signature="Default_template_LinuxONE_update()[pri:0, instance:maven_package_1.Test_default_template_for_update_LinuxONE@67a7ffb3]" name="Default_template_LinuxONE_update" duration-ms="2" started-at="2016-09-02T13:08:52Z" finished-at="2016-09-02T13:08:52Z">
          <reporter-output>
          </reporter-output>
        </test-method> <!-- Default_template_LinuxONE_update -->
      </class> <!-- maven_package_1.Test_default_template_for_update_LinuxONE -->
      <class name="maven_package_2.TestCase3505_power">
        <test-method status="SKIP" signature="f_3505_power()[pri:0, instance:maven_package_2.TestCase3505_power@38a0e9d7]" name="f_3505_power" duration-ms="2" started-at="2016-09-02T13:08:52Z" finished-at="2016-09-02T13:08:52Z">
          <reporter-output>
          </reporter-output>
        </test-method> <!-- f_3505_power -->
      </class> <!-- maven_package_2.TestCase3505_power -->
      <class name="maven_package_2.Test_proxy_voting_power">
        <test-method status="SKIP" signature="f_proxy_voting_power()[pri:0, instance:maven_package_2.Test_proxy_voting_power@7fb7db23]" name="f_proxy_voting_power" duration-ms="0" started-at="2016-09-02T13:08:52Z" finished-at="2016-09-02T13:08:52Z">
          <reporter-output>
          </reporter-output>
        </test-method> <!-- f_proxy_voting_power -->
      </class> <!-- maven_package_2.Test_proxy_voting_power -->
      <class name="maven_package_2.Testcase2842_linuxOne">
        <test-method status="SKIP" signature="f_2842_linuxOne()[pri:0, instance:maven_package_2.Testcase2842_linuxOne@29c67f50]" name="f_2842_linuxOne" duration-ms="0" started-at="2016-09-02T13:08:52Z" finished-at="2016-09-02T13:08:52Z">
          <reporter-output>
          </reporter-output>
        </test-method> <!-- f_2842_linuxOne -->
      </class> <!-- maven_package_2.Testcase2842_linuxOne -->
      <class name="maven_package_1.Test_Update_System_storage">
        <test-method status="SKIP" signature="test_upd_from_app_SS()[pri:0, instance:maven_package_1.Test_Update_System_storage@5803eab9]" name="test_upd_from_app_SS" duration-ms="0" started-at="2016-09-02T13:08:52Z" finished-at="2016-09-02T13:08:52Z">
          <reporter-output>
          </reporter-output>
        </test-method> <!-- test_upd_from_app_SS -->
      </class> <!-- maven_package_1.Test_Update_System_storage -->
      <class name="maven_package_2.Test_proxy_voting_ss">
        <test-method status="SKIP" signature="f_proxy_voting_ss()[pri:0, instance:maven_package_2.Test_proxy_voting_ss@7f941856]" name="f_proxy_voting_ss" duration-ms="0" started-at="2016-09-02T13:08:52Z" finished-at="2016-09-02T13:08:52Z">
          <reporter-output>
          </reporter-output>
        </test-method> <!-- f_proxy_voting_ss -->
      </class> <!-- maven_package_2.Test_proxy_voting_ss -->
      <class name="maven_package_2.TestCase3505">
        <test-method status="SKIP" signature="f_3505()[pri:0, instance:maven_package_2.TestCase3505@50608423]" name="f_3505" duration-ms="0" started-at="2016-09-02T13:08:52Z" finished-at="2016-09-02T13:08:52Z">
          <reporter-output>
          </reporter-output>
        </test-method> <!-- f_3505 -->
      </class> <!-- maven_package_2.TestCase3505 -->
      <class name="maven_package_1.Test_GPP_Validation_System_storage">
        <test-method status="FAIL" signature="gpp_validation_system()[pri:0, instance:maven_package_1.Test_GPP_Validation_System_storage@468475ef]" name="gpp_validation_system" is-config="true" duration-ms="0" started-at="2016-09-02T13:07:46Z" finished-at="2016-09-02T13:07:46Z">
          <exception class="org.openqa.selenium.WebDriverException">
            <message>
              <![CDATA[unknown error: unable to discover open pages
  (Driver info: chromedriver=2.11.298604 (75ea2fdb5c87f133a8e1b8da16f6091fb7d5321e),platform=Windows NT 6.1 SP1 x86_64) (WARNING: The server did not provide any stacktrace information)
Command duration or timeout: 62.48 seconds
Build info: version: '2.53.0', revision: '35ae25b1534ae328c771e0856c93e187490ca824', time: '2016-03-15 10:43:46'
System info: host: 'ADMINIB-D2MM1F7', ip: '9.120.231.200', os.name: 'Windows 7', os.arch: 'amd64', os.version: '6.1', java.version: '1.7.0_51'
Driver info: org.openqa.selenium.chrome.ChromeDriver]]>
            </message>
            <full-stacktrace>
              <![CDATA[org.openqa.selenium.WebDriverException: unknown error: unable to discover open pages
  (Driver info: chromedriver=2.11.298604 (75ea2fdb5c87f133a8e1b8da16f6091fb7d5321e),platform=Windows NT 6.1 SP1 x86_64) (WARNING: The server did not provide any stacktrace information)
Command duration or timeout: 62.48 seconds
Build info: version: '2.53.0', revision: '35ae25b1534ae328c771e0856c93e187490ca824', time: '2016-03-15 10:43:46'
System info: host: 'ADMINIB-D2MM1F7', ip: '9.120.231.200', os.name: 'Windows 7', os.arch: 'amd64', os.version: '6.1', java.version: '1.7.0_51'
Driver info: org.openqa.selenium.chrome.ChromeDriver
	at sun.reflect.NativeConstructorAccessorImpl.newInstance0(Native Method)
	at sun.reflect.NativeConstructorAccessorImpl.newInstance(NativeConstructorAccessorImpl.java:57)
	at sun.reflect.DelegatingConstructorAccessorImpl.newInstance(DelegatingConstructorAccessorImpl.java:45)
	at java.lang.reflect.Constructor.newInstance(Constructor.java:526)
	at org.openqa.selenium.remote.ErrorHandler.createThrowable(ErrorHandler.java:206)
	at org.openqa.selenium.remote.ErrorHandler.throwIfResponseFailed(ErrorHandler.java:158)
	at org.openqa.selenium.remote.RemoteWebDriver.execute(RemoteWebDriver.java:678)
	at org.openqa.selenium.remote.RemoteWebDriver.startSession(RemoteWebDriver.java:249)
	at org.openqa.selenium.remote.RemoteWebDriver.<init>(RemoteWebDriver.java:131)
	at org.openqa.selenium.remote.RemoteWebDriver.<init>(RemoteWebDriver.java:144)
	at org.openqa.selenium.chrome.ChromeDriver.<init>(ChromeDriver.java:170)
	at org.openqa.selenium.chrome.ChromeDriver.<init>(ChromeDriver.java:159)
	at org.openqa.selenium.chrome.ChromeDriver.<init>(ChromeDriver.java:116)
	at maven_package_1.Test_GPP_Validation_System_storage.gpp_validation_system(Test_GPP_Validation_System_storage.java:51)
	at sun.reflect.NativeMethodAccessorImpl.invoke0(Native Method)
	at sun.reflect.NativeMethodAccessorImpl.invoke(NativeMethodAccessorImpl.java:57)
	at sun.reflect.DelegatingMethodAccessorImpl.invoke(DelegatingMethodAccessorImpl.java:43)
	at java.lang.reflect.Method.invoke(Method.java:606)
	at org.testng.internal.MethodInvocationHelper.invokeMethod(MethodInvocationHelper.java:86)
	at org.testng.internal.Invoker.invokeConfigurationMethod(Invoker.java:514)
	at org.testng.internal.Invoker.invokeConfigurations(Invoker.java:215)
	at org.testng.internal.Invoker.invokeConfigurations(Invoker.java:142)
	at org.testng.TestRunner.beforeRun(TestRunner.java:656)
	at org.testng.TestRunner.run(TestRunner.java:624)
	at org.testng.SuiteRunner.runTest(SuiteRunner.java:366)
	at org.testng.SuiteRunner.runSequentially(SuiteRunner.java:361)
	at org.testng.SuiteRunner.privateRun(SuiteRunner.java:319)
	at org.testng.SuiteRunner.run(SuiteRunner.java:268)
	at org.testng.SuiteRunnerWorker.runSuite(SuiteRunnerWorker.java:52)
	at org.testng.SuiteRunnerWorker.run(SuiteRunnerWorker.java:86)
	at org.testng.TestNG.runSuitesSequentially(TestNG.java:1244)
	at org.testng.TestNG.runSuitesLocally(TestNG.java:1169)
	at org.testng.TestNG.run(TestNG.java:1064)
	at org.apache.maven.surefire.testng.TestNGExecutor.run(TestNGExecutor.java:77)
	at org.apache.maven.surefire.testng.TestNGDirectoryTestSuite.executeMulti(TestNGDirectoryTestSuite.java:159)
	at org.apache.maven.surefire.testng.TestNGDirectoryTestSuite.execute(TestNGDirectoryTestSuite.java:99)
	at org.apache.maven.surefire.testng.TestNGProvider.invoke(TestNGProvider.java:106)
	at sun.reflect.NativeMethodAccessorImpl.invoke0(Native Method)
	at sun.reflect.NativeMethodAccessorImpl.invoke(NativeMethodAccessorImpl.java:57)
	at sun.reflect.DelegatingMethodAccessorImpl.invoke(DelegatingMethodAccessorImpl.java:43)
	at java.lang.reflect.Method.invoke(Method.java:606)
	at org.apache.maven.surefire.util.ReflectionUtils.invokeMethodWithArray(ReflectionUtils.java:189)
	at org.apache.maven.surefire.booter.ProviderFactory$ProviderProxy.invoke(ProviderFactory.java:165)
	at org.apache.maven.surefire.booter.ProviderFactory.invokeProvider(ProviderFactory.java:85)
	at org.apache.maven.surefire.booter.ForkedBooter.runSuitesInProcess(ForkedBooter.java:115)
	at org.apache.maven.surefire.booter.ForkedBooter.main(ForkedBooter.java:75)
]]>
            </full-stacktrace>
          </exception> <!-- org.openqa.selenium.WebDriverException -->
          <reporter-output>
          </reporter-output>
        </test-method> <!-- gpp_validation_system -->
        <test-method status="SKIP" signature="Default_template_LinuxONE_update()[pri:0, instance:maven_package_1.Test_default_template_for_update_LinuxONE@67a7ffb3]" name="Default_template_LinuxONE_update" is-config="true" duration-ms="0" started-at="2016-09-02T13:08:52Z" finished-at="2016-09-02T13:08:52Z">
          <reporter-output>
          </reporter-output>
        </test-method> <!-- Default_template_LinuxONE_update -->
        <test-method status="SKIP" signature="login_w3(org.openqa.selenium.WebDriver)[pri:0, instance:maven_package_1.Test_GPP_Validation_System_storage@468475ef]" name="login_w3" duration-ms="0" started-at="2016-09-02T13:08:52Z" finished-at="2016-09-02T13:08:52Z">
          <exception class="org.testng.TestNGException">
            <message>
              <![CDATA[
Method login_w3 requires 1 parameters but 0 were supplied in the @Test annotation.]]>
            </message>
            <full-stacktrace>
              <![CDATA[org.testng.TestNGException: 
Method login_w3 requires 1 parameters but 0 were supplied in the @Test annotation.
	at org.testng.internal.Parameters.checkParameterTypes(Parameters.java:191)
	at org.testng.internal.Parameters.createParameters(Parameters.java:127)
	at org.testng.internal.Parameters.createParameters(Parameters.java:376)
	at org.testng.internal.Parameters.handleParameters(Parameters.java:451)
	at org.testng.internal.Invoker.handleParameters(Invoker.java:1274)
	at org.testng.internal.Invoker.createParameters(Invoker.java:989)
	at org.testng.internal.Invoker.invokeTestMethods(Invoker.java:1079)
	at org.testng.internal.TestMethodWorker.invokeTestMethods(TestMethodWorker.java:129)
	at org.testng.internal.TestMethodWorker.run(TestMethodWorker.java:112)
	at org.testng.TestRunner.privateRun(TestRunner.java:782)
	at org.testng.TestRunner.run(TestRunner.java:632)
	at org.testng.SuiteRunner.runTest(SuiteRunner.java:366)
	at org.testng.SuiteRunner.runSequentially(SuiteRunner.java:361)
	at org.testng.SuiteRunner.privateRun(SuiteRunner.java:319)
	at org.testng.SuiteRunner.run(SuiteRunner.java:268)
	at org.testng.SuiteRunnerWorker.runSuite(SuiteRunnerWorker.java:52)
	at org.testng.SuiteRunnerWorker.run(SuiteRunnerWorker.java:86)
	at org.testng.TestNG.runSuitesSequentially(TestNG.java:1244)
	at org.testng.TestNG.runSuitesLocally(TestNG.java:1169)
	at org.testng.TestNG.run(TestNG.java:1064)
	at org.apache.maven.surefire.testng.TestNGExecutor.run(TestNGExecutor.java:77)
	at org.apache.maven.surefire.testng.TestNGDirectoryTestSuite.executeMulti(TestNGDirectoryTestSuite.java:159)
	at org.apache.maven.surefire.testng.TestNGDirectoryTestSuite.execute(TestNGDirectoryTestSuite.java:99)
	at org.apache.maven.surefire.testng.TestNGProvider.invoke(TestNGProvider.java:106)
	at sun.reflect.NativeMethodAccessorImpl.invoke0(Native Method)
	at sun.reflect.NativeMethodAccessorImpl.invoke(NativeMethodAccessorImpl.java:57)
	at sun.reflect.DelegatingMethodAccessorImpl.invoke(DelegatingMethodAccessorImpl.java:43)
	at java.lang.reflect.Method.invoke(Method.java:606)
	at org.apache.maven.surefire.util.ReflectionUtils.invokeMethodWithArray(ReflectionUtils.java:189)
	at org.apache.maven.surefire.booter.ProviderFactory$ProviderProxy.invoke(ProviderFactory.java:165)
	at org.apache.maven.surefire.booter.ProviderFactory.invokeProvider(ProviderFactory.java:85)
	at org.apache.maven.surefire.booter.ForkedBooter.runSuitesInProcess(ForkedBooter.java:115)
	at org.apache.maven.surefire.booter.ForkedBooter.main(ForkedBooter.java:75)
]]>
            </full-stacktrace>
          </exception> <!-- org.testng.TestNGException -->
          <reporter-output>
          </reporter-output>
        </test-method> <!-- login_w3 -->
        <test-method status="SKIP" signature="login_bp(org.openqa.selenium.WebDriver)[pri:0, instance:maven_package_1.Test_GPP_Validation_System_storage@468475ef]" name="login_bp" duration-ms="0" started-at="2016-09-02T13:08:52Z" finished-at="2016-09-02T13:08:52Z">
          <exception class="org.testng.TestNGException">
            <message>
              <![CDATA[
Method login_bp requires 1 parameters but 0 were supplied in the @Test annotation.]]>
            </message>
            <full-stacktrace>
              <![CDATA[org.testng.TestNGException: 
Method login_bp requires 1 parameters but 0 were supplied in the @Test annotation.
	at org.testng.internal.Parameters.checkParameterTypes(Parameters.java:191)
	at org.testng.internal.Parameters.createParameters(Parameters.java:127)
	at org.testng.internal.Parameters.createParameters(Parameters.java:376)
	at org.testng.internal.Parameters.handleParameters(Parameters.java:451)
	at org.testng.internal.Invoker.handleParameters(Invoker.java:1274)
	at org.testng.internal.Invoker.createParameters(Invoker.java:989)
	at org.testng.internal.Invoker.invokeTestMethods(Invoker.java:1079)
	at org.testng.internal.TestMethodWorker.invokeTestMethods(TestMethodWorker.java:129)
	at org.testng.internal.TestMethodWorker.run(TestMethodWorker.java:112)
	at org.testng.TestRunner.privateRun(TestRunner.java:782)
	at org.testng.TestRunner.run(TestRunner.java:632)
	at org.testng.SuiteRunner.runTest(SuiteRunner.java:366)
	at org.testng.SuiteRunner.runSequentially(SuiteRunner.java:361)
	at org.testng.SuiteRunner.privateRun(SuiteRunner.java:319)
	at org.testng.SuiteRunner.run(SuiteRunner.java:268)
	at org.testng.SuiteRunnerWorker.runSuite(SuiteRunnerWorker.java:52)
	at org.testng.SuiteRunnerWorker.run(SuiteRunnerWorker.java:86)
	at org.testng.TestNG.runSuitesSequentially(TestNG.java:1244)
	at org.testng.TestNG.runSuitesLocally(TestNG.java:1169)
	at org.testng.TestNG.run(TestNG.java:1064)
	at org.apache.maven.surefire.testng.TestNGExecutor.run(TestNGExecutor.java:77)
	at org.apache.maven.surefire.testng.TestNGDirectoryTestSuite.executeMulti(TestNGDirectoryTestSuite.java:159)
	at org.apache.maven.surefire.testng.TestNGDirectoryTestSuite.execute(TestNGDirectoryTestSuite.java:99)
	at org.apache.maven.surefire.testng.TestNGProvider.invoke(TestNGProvider.java:106)
	at sun.reflect.NativeMethodAccessorImpl.invoke0(Native Method)
	at sun.reflect.NativeMethodAccessorImpl.invoke(NativeMethodAccessorImpl.java:57)
	at sun.reflect.DelegatingMethodAccessorImpl.invoke(DelegatingMethodAccessorImpl.java:43)
	at java.lang.reflect.Method.invoke(Method.java:606)
	at org.apache.maven.surefire.util.ReflectionUtils.invokeMethodWithArray(ReflectionUtils.java:189)
	at org.apache.maven.surefire.booter.ProviderFactory$ProviderProxy.invoke(ProviderFactory.java:165)
	at org.apache.maven.surefire.booter.ProviderFactory.invokeProvider(ProviderFactory.java:85)
	at org.apache.maven.surefire.booter.ForkedBooter.runSuitesInProcess(ForkedBooter.java:115)
	at org.apache.maven.surefire.booter.ForkedBooter.main(ForkedBooter.java:75)
]]>
            </full-stacktrace>
          </exception> <!-- org.testng.TestNGException -->
          <reporter-output>
          </reporter-output>
        </test-method> <!-- login_bp -->
        <test-method status="SKIP" signature="gpp_validation_system()[pri:0, instance:maven_package_1.Test_GPP_Validation_System_storage@468475ef]" name="gpp_validation_system" duration-ms="0" started-at="2016-09-02T13:08:52Z" finished-at="2016-09-02T13:08:52Z">
          <reporter-output>
          </reporter-output>
        </test-method> <!-- gpp_validation_system -->
      </class> <!-- maven_package_1.Test_GPP_Validation_System_storage -->
      <class name="maven_package_1.Test_Incomplete_reprocess_system_storage">
        <test-method status="SKIP" signature="Test_Inc_Rep()[pri:0, instance:maven_package_1.Test_Incomplete_reprocess_system_storage@6f9550a8]" name="Test_Inc_Rep" duration-ms="0" started-at="2016-09-02T13:08:52Z" finished-at="2016-09-02T13:08:52Z">
          <reporter-output>
          </reporter-output>
        </test-method> <!-- Test_Inc_Rep -->
        <test-method status="SKIP" signature="Inc_systemstorage()[pri:0, instance:maven_package_1.Test_Incomplete_reprocess_system_storage@6f9550a8]" name="Inc_systemstorage" duration-ms="0" started-at="2016-09-02T13:08:52Z" finished-at="2016-09-02T13:08:52Z">
          <reporter-output>
          </reporter-output>
        </test-method> <!-- Inc_systemstorage -->
      </class> <!-- maven_package_1.Test_Incomplete_reprocess_system_storage -->
      <class name="maven_package_1.Test_default_template_for_extend_power_system">
        <test-method status="SKIP" signature="login_w3(org.openqa.selenium.WebDriver)[pri:0, instance:maven_package_1.Test_default_template_for_extend_power_system@225ac214]" name="login_w3" duration-ms="0" started-at="2016-09-02T13:08:52Z" finished-at="2016-09-02T13:08:52Z">
          <exception class="org.testng.TestNGException">
            <message>
              <![CDATA[
Method login_w3 requires 1 parameters but 0 were supplied in the @Test annotation.]]>
            </message>
            <full-stacktrace>
              <![CDATA[org.testng.TestNGException: 
Method login_w3 requires 1 parameters but 0 were supplied in the @Test annotation.
	at org.testng.internal.Parameters.checkParameterTypes(Parameters.java:191)
	at org.testng.internal.Parameters.createParameters(Parameters.java:127)
	at org.testng.internal.Parameters.createParameters(Parameters.java:376)
	at org.testng.internal.Parameters.handleParameters(Parameters.java:451)
	at org.testng.internal.Invoker.handleParameters(Invoker.java:1274)
	at org.testng.internal.Invoker.createParameters(Invoker.java:989)
	at org.testng.internal.Invoker.invokeTestMethods(Invoker.java:1079)
	at org.testng.internal.TestMethodWorker.invokeTestMethods(TestMethodWorker.java:129)
	at org.testng.internal.TestMethodWorker.run(TestMethodWorker.java:112)
	at org.testng.TestRunner.privateRun(TestRunner.java:782)
	at org.testng.TestRunner.run(TestRunner.java:632)
	at org.testng.SuiteRunner.runTest(SuiteRunner.java:366)
	at org.testng.SuiteRunner.runSequentially(SuiteRunner.java:361)
	at org.testng.SuiteRunner.privateRun(SuiteRunner.java:319)
	at org.testng.SuiteRunner.run(SuiteRunner.java:268)
	at org.testng.SuiteRunnerWorker.runSuite(SuiteRunnerWorker.java:52)
	at org.testng.SuiteRunnerWorker.run(SuiteRunnerWorker.java:86)
	at org.testng.TestNG.runSuitesSequentially(TestNG.java:1244)
	at org.testng.TestNG.runSuitesLocally(TestNG.java:1169)
	at org.testng.TestNG.run(TestNG.java:1064)
	at org.apache.maven.surefire.testng.TestNGExecutor.run(TestNGExecutor.java:77)
	at org.apache.maven.surefire.testng.TestNGDirectoryTestSuite.executeMulti(TestNGDirectoryTestSuite.java:159)
	at org.apache.maven.surefire.testng.TestNGDirectoryTestSuite.execute(TestNGDirectoryTestSuite.java:99)
	at org.apache.maven.surefire.testng.TestNGProvider.invoke(TestNGProvider.java:106)
	at sun.reflect.NativeMethodAccessorImpl.invoke0(Native Method)
	at sun.reflect.NativeMethodAccessorImpl.invoke(NativeMethodAccessorImpl.java:57)
	at sun.reflect.DelegatingMethodAccessorImpl.invoke(DelegatingMethodAccessorImpl.java:43)
	at java.lang.reflect.Method.invoke(Method.java:606)
	at org.apache.maven.surefire.util.ReflectionUtils.invokeMethodWithArray(ReflectionUtils.java:189)
	at org.apache.maven.surefire.booter.ProviderFactory$ProviderProxy.invoke(ProviderFactory.java:165)
	at org.apache.maven.surefire.booter.ProviderFactory.invokeProvider(ProviderFactory.java:85)
	at org.apache.maven.surefire.booter.ForkedBooter.runSuitesInProcess(ForkedBooter.java:115)
	at org.apache.maven.surefire.booter.ForkedBooter.main(ForkedBooter.java:75)
]]>
            </full-stacktrace>
          </exception> <!-- org.testng.TestNGException -->
          <reporter-output>
          </reporter-output>
        </test-method> <!-- login_w3 -->
        <test-method status="SKIP" signature="Default_template_power_extend()[pri:0, instance:maven_package_1.Test_default_template_for_extend_power_system@225ac214]" name="Default_template_power_extend" duration-ms="0" started-at="2016-09-02T13:08:52Z" finished-at="2016-09-02T13:08:52Z">
          <reporter-output>
          </reporter-output>
        </test-method> <!-- Default_template_power_extend -->
        <test-method status="SKIP" signature="login_bp(org.openqa.selenium.WebDriver)[pri:0, instance:maven_package_1.Test_default_template_for_extend_power_system@225ac214]" name="login_bp" duration-ms="0" started-at="2016-09-02T13:08:52Z" finished-at="2016-09-02T13:08:52Z">
          <exception class="org.testng.TestNGException">
            <message>
              <![CDATA[
Method login_bp requires 1 parameters but 0 were supplied in the @Test annotation.]]>
            </message>
            <full-stacktrace>
              <![CDATA[org.testng.TestNGException: 
Method login_bp requires 1 parameters but 0 were supplied in the @Test annotation.
	at org.testng.internal.Parameters.checkParameterTypes(Parameters.java:191)
	at org.testng.internal.Parameters.createParameters(Parameters.java:127)
	at org.testng.internal.Parameters.createParameters(Parameters.java:376)
	at org.testng.internal.Parameters.handleParameters(Parameters.java:451)
	at org.testng.internal.Invoker.handleParameters(Invoker.java:1274)
	at org.testng.internal.Invoker.createParameters(Invoker.java:989)
	at org.testng.internal.Invoker.invokeTestMethods(Invoker.java:1079)
	at org.testng.internal.TestMethodWorker.invokeTestMethods(TestMethodWorker.java:129)
	at org.testng.internal.TestMethodWorker.run(TestMethodWorker.java:112)
	at org.testng.TestRunner.privateRun(TestRunner.java:782)
	at org.testng.TestRunner.run(TestRunner.java:632)
	at org.testng.SuiteRunner.runTest(SuiteRunner.java:366)
	at org.testng.SuiteRunner.runSequentially(SuiteRunner.java:361)
	at org.testng.SuiteRunner.privateRun(SuiteRunner.java:319)
	at org.testng.SuiteRunner.run(SuiteRunner.java:268)
	at org.testng.SuiteRunnerWorker.runSuite(SuiteRunnerWorker.java:52)
	at org.testng.SuiteRunnerWorker.run(SuiteRunnerWorker.java:86)
	at org.testng.TestNG.runSuitesSequentially(TestNG.java:1244)
	at org.testng.TestNG.runSuitesLocally(TestNG.java:1169)
	at org.testng.TestNG.run(TestNG.java:1064)
	at org.apache.maven.surefire.testng.TestNGExecutor.run(TestNGExecutor.java:77)
	at org.apache.maven.surefire.testng.TestNGDirectoryTestSuite.executeMulti(TestNGDirectoryTestSuite.java:159)
	at org.apache.maven.surefire.testng.TestNGDirectoryTestSuite.execute(TestNGDirectoryTestSuite.java:99)
	at org.apache.maven.surefire.testng.TestNGProvider.invoke(TestNGProvider.java:106)
	at sun.reflect.NativeMethodAccessorImpl.invoke0(Native Method)
	at sun.reflect.NativeMethodAccessorImpl.invoke(NativeMethodAccessorImpl.java:57)
	at sun.reflect.DelegatingMethodAccessorImpl.invoke(DelegatingMethodAccessorImpl.java:43)
	at java.lang.reflect.Method.invoke(Method.java:606)
	at org.apache.maven.surefire.util.ReflectionUtils.invokeMethodWithArray(ReflectionUtils.java:189)
	at org.apache.maven.surefire.booter.ProviderFactory$ProviderProxy.invoke(ProviderFactory.java:165)
	at org.apache.maven.surefire.booter.ProviderFactory.invokeProvider(ProviderFactory.java:85)
	at org.apache.maven.surefire.booter.ForkedBooter.runSuitesInProcess(ForkedBooter.java:115)
	at org.apache.maven.surefire.booter.ForkedBooter.main(ForkedBooter.java:75)
]]>
            </full-stacktrace>
          </exception> <!-- org.testng.TestNGException -->
          <reporter-output>
          </reporter-output>
        </test-method> <!-- login_bp -->
      </class> <!-- maven_package_1.Test_default_template_for_extend_power_system -->
      <class name="maven_package_2.TestCase3497_linuxOne">
        <test-method status="SKIP" signature="f_3497_linuxOne()[pri:0, instance:maven_package_2.TestCase3497_linuxOne@688c7c7f]" name="f_3497_linuxOne" duration-ms="0" started-at="2016-09-02T13:08:52Z" finished-at="2016-09-02T13:08:52Z">
          <reporter-output>
          </reporter-output>
        </test-method> <!-- f_3497_linuxOne -->
      </class> <!-- maven_package_2.TestCase3497_linuxOne -->
      <class name="maven_package_2.Test_MSA_microflow">
        <test-method status="SKIP" signature="f_MSA_microflow()[pri:0, instance:maven_package_2.Test_MSA_microflow@50480174]" name="f_MSA_microflow" duration-ms="0" started-at="2016-09-02T13:08:52Z" finished-at="2016-09-02T13:08:52Z">
          <reporter-output>
          </reporter-output>
        </test-method> <!-- f_MSA_microflow -->
      </class> <!-- maven_package_2.Test_MSA_microflow -->
      <class name="maven_package_2.Test_BlanketMicroflow_ps">
        <test-method status="SKIP" signature="f_BlanketMicroflow_ps()[pri:0, instance:maven_package_2.Test_BlanketMicroflow_ps@4531eb31]" name="f_BlanketMicroflow_ps" duration-ms="0" started-at="2016-09-02T13:08:52Z" finished-at="2016-09-02T13:08:52Z">
          <reporter-output>
          </reporter-output>
        </test-method> <!-- f_BlanketMicroflow_ps -->
      </class> <!-- maven_package_2.Test_BlanketMicroflow_ps -->
      <class name="maven_package_2.TestCase3505_LinuxOne">
        <test-method status="SKIP" signature="f_3505_LinuxOne()[pri:0, instance:maven_package_2.TestCase3505_LinuxOne@70833f0e]" name="f_3505_LinuxOne" duration-ms="0" started-at="2016-09-02T13:08:52Z" finished-at="2016-09-02T13:08:52Z">
          <reporter-output>
          </reporter-output>
        </test-method> <!-- f_3505_LinuxOne -->
      </class> <!-- maven_package_2.TestCase3505_LinuxOne -->
      <class name="maven_package_1.Test_Rejected_reprocess_power_system">
        <test-method status="SKIP" signature="Test_Rej_Rep()[pri:0, instance:maven_package_1.Test_Rejected_reprocess_power_system@5af46941]" name="Test_Rej_Rep" duration-ms="0" started-at="2016-09-02T13:08:52Z" finished-at="2016-09-02T13:08:52Z">
          <reporter-output>
          </reporter-output>
        </test-method> <!-- Test_Rej_Rep -->
      </class> <!-- maven_package_1.Test_Rejected_reprocess_power_system -->
      <class name="maven_package_1.Test_Submit_Extension_form_powersystem">
        <test-method status="SKIP" signature="login_bp(org.openqa.selenium.WebDriver)[pri:0, instance:maven_package_1.Test_Submit_Extension_form_powersystem@183c97db]" name="login_bp" duration-ms="0" started-at="2016-09-02T13:08:52Z" finished-at="2016-09-02T13:08:52Z">
          <exception class="org.testng.TestNGException">
            <message>
              <![CDATA[
Method login_bp requires 1 parameters but 0 were supplied in the @Test annotation.]]>
            </message>
            <full-stacktrace>
              <![CDATA[org.testng.TestNGException: 
Method login_bp requires 1 parameters but 0 were supplied in the @Test annotation.
	at org.testng.internal.Parameters.checkParameterTypes(Parameters.java:191)
	at org.testng.internal.Parameters.createParameters(Parameters.java:127)
	at org.testng.internal.Parameters.createParameters(Parameters.java:376)
	at org.testng.internal.Parameters.handleParameters(Parameters.java:451)
	at org.testng.internal.Invoker.handleParameters(Invoker.java:1274)
	at org.testng.internal.Invoker.createParameters(Invoker.java:989)
	at org.testng.internal.Invoker.invokeTestMethods(Invoker.java:1079)
	at org.testng.internal.TestMethodWorker.invokeTestMethods(TestMethodWorker.java:129)
	at org.testng.internal.TestMethodWorker.run(TestMethodWorker.java:112)
	at org.testng.TestRunner.privateRun(TestRunner.java:782)
	at org.testng.TestRunner.run(TestRunner.java:632)
	at org.testng.SuiteRunner.runTest(SuiteRunner.java:366)
	at org.testng.SuiteRunner.runSequentially(SuiteRunner.java:361)
	at org.testng.SuiteRunner.privateRun(SuiteRunner.java:319)
	at org.testng.SuiteRunner.run(SuiteRunner.java:268)
	at org.testng.SuiteRunnerWorker.runSuite(SuiteRunnerWorker.java:52)
	at org.testng.SuiteRunnerWorker.run(SuiteRunnerWorker.java:86)
	at org.testng.TestNG.runSuitesSequentially(TestNG.java:1244)
	at org.testng.TestNG.runSuitesLocally(TestNG.java:1169)
	at org.testng.TestNG.run(TestNG.java:1064)
	at org.apache.maven.surefire.testng.TestNGExecutor.run(TestNGExecutor.java:77)
	at org.apache.maven.surefire.testng.TestNGDirectoryTestSuite.executeMulti(TestNGDirectoryTestSuite.java:159)
	at org.apache.maven.surefire.testng.TestNGDirectoryTestSuite.execute(TestNGDirectoryTestSuite.java:99)
	at org.apache.maven.surefire.testng.TestNGProvider.invoke(TestNGProvider.java:106)
	at sun.reflect.NativeMethodAccessorImpl.invoke0(Native Method)
	at sun.reflect.NativeMethodAccessorImpl.invoke(NativeMethodAccessorImpl.java:57)
	at sun.reflect.DelegatingMethodAccessorImpl.invoke(DelegatingMethodAccessorImpl.java:43)
	at java.lang.reflect.Method.invoke(Method.java:606)
	at org.apache.maven.surefire.util.ReflectionUtils.invokeMethodWithArray(ReflectionUtils.java:189)
	at org.apache.maven.surefire.booter.ProviderFactory$ProviderProxy.invoke(ProviderFactory.java:165)
	at org.apache.maven.surefire.booter.ProviderFactory.invokeProvider(ProviderFactory.java:85)
	at org.apache.maven.surefire.booter.ForkedBooter.runSuitesInProcess(ForkedBooter.java:115)
	at org.apache.maven.surefire.booter.ForkedBooter.main(ForkedBooter.java:75)
]]>
            </full-stacktrace>
          </exception> <!-- org.testng.TestNGException -->
          <reporter-output>
          </reporter-output>
        </test-method> <!-- login_bp -->
        <test-method status="SKIP" signature="login_w3(org.openqa.selenium.WebDriver)[pri:0, instance:maven_package_1.Test_Submit_Extension_form_powersystem@183c97db]" name="login_w3" duration-ms="0" started-at="2016-09-02T13:08:52Z" finished-at="2016-09-02T13:08:52Z">
          <exception class="org.testng.TestNGException">
            <message>
              <![CDATA[
Method login_w3 requires 1 parameters but 0 were supplied in the @Test annotation.]]>
            </message>
            <full-stacktrace>
              <![CDATA[org.testng.TestNGException: 
Method login_w3 requires 1 parameters but 0 were supplied in the @Test annotation.
	at org.testng.internal.Parameters.checkParameterTypes(Parameters.java:191)
	at org.testng.internal.Parameters.createParameters(Parameters.java:127)
	at org.testng.internal.Parameters.createParameters(Parameters.java:376)
	at org.testng.internal.Parameters.handleParameters(Parameters.java:451)
	at org.testng.internal.Invoker.handleParameters(Invoker.java:1274)
	at org.testng.internal.Invoker.createParameters(Invoker.java:989)
	at org.testng.internal.Invoker.invokeTestMethods(Invoker.java:1079)
	at org.testng.internal.TestMethodWorker.invokeTestMethods(TestMethodWorker.java:129)
	at org.testng.internal.TestMethodWorker.run(TestMethodWorker.java:112)
	at org.testng.TestRunner.privateRun(TestRunner.java:782)
	at org.testng.TestRunner.run(TestRunner.java:632)
	at org.testng.SuiteRunner.runTest(SuiteRunner.java:366)
	at org.testng.SuiteRunner.runSequentially(SuiteRunner.java:361)
	at org.testng.SuiteRunner.privateRun(SuiteRunner.java:319)
	at org.testng.SuiteRunner.run(SuiteRunner.java:268)
	at org.testng.SuiteRunnerWorker.runSuite(SuiteRunnerWorker.java:52)
	at org.testng.SuiteRunnerWorker.run(SuiteRunnerWorker.java:86)
	at org.testng.TestNG.runSuitesSequentially(TestNG.java:1244)
	at org.testng.TestNG.runSuitesLocally(TestNG.java:1169)
	at org.testng.TestNG.run(TestNG.java:1064)
	at org.apache.maven.surefire.testng.TestNGExecutor.run(TestNGExecutor.java:77)
	at org.apache.maven.surefire.testng.TestNGDirectoryTestSuite.executeMulti(TestNGDirectoryTestSuite.java:159)
	at org.apache.maven.surefire.testng.TestNGDirectoryTestSuite.execute(TestNGDirectoryTestSuite.java:99)
	at org.apache.maven.surefire.testng.TestNGProvider.invoke(TestNGProvider.java:106)
	at sun.reflect.NativeMethodAccessorImpl.invoke0(Native Method)
	at sun.reflect.NativeMethodAccessorImpl.invoke(NativeMethodAccessorImpl.java:57)
	at sun.reflect.DelegatingMethodAccessorImpl.invoke(DelegatingMethodAccessorImpl.java:43)
	at java.lang.reflect.Method.invoke(Method.java:606)
	at org.apache.maven.surefire.util.ReflectionUtils.invokeMethodWithArray(ReflectionUtils.java:189)
	at org.apache.maven.surefire.booter.ProviderFactory$ProviderProxy.invoke(ProviderFactory.java:165)
	at org.apache.maven.surefire.booter.ProviderFactory.invokeProvider(ProviderFactory.java:85)
	at org.apache.maven.surefire.booter.ForkedBooter.runSuitesInProcess(ForkedBooter.java:115)
	at org.apache.maven.surefire.booter.ForkedBooter.main(ForkedBooter.java:75)
]]>
            </full-stacktrace>
          </exception> <!-- org.testng.TestNGException -->
          <reporter-output>
          </reporter-output>
        </test-method> <!-- login_w3 -->
        <test-method status="SKIP" signature="Submit_extension_powersystem()[pri:0, instance:maven_package_1.Test_Submit_Extension_form_powersystem@183c97db]" name="Submit_extension_powersystem" duration-ms="0" started-at="2016-09-02T13:08:52Z" finished-at="2016-09-02T13:08:52Z">
          <reporter-output>
          </reporter-output>
        </test-method> <!-- Submit_extension_powersystem -->
      </class> <!-- maven_package_1.Test_Submit_Extension_form_powersystem -->
      <class name="maven_package_2.Test_MSA_microflow_ps">
        <test-method status="SKIP" signature="f_MSA_microflow_ps()[pri:0, instance:maven_package_2.Test_MSA_microflow_ps@65a503bc]" name="f_MSA_microflow_ps" duration-ms="0" started-at="2016-09-02T13:08:52Z" finished-at="2016-09-02T13:08:52Z">
          <reporter-output>
          </reporter-output>
        </test-method> <!-- f_MSA_microflow_ps -->
      </class> <!-- maven_package_2.Test_MSA_microflow_ps -->
      <class name="maven_package_1.Test_Submit_Extension_form_systemstorage">
        <test-method status="SKIP" signature="Submit_extension_systemstorage()[pri:0, instance:maven_package_1.Test_Submit_Extension_form_systemstorage@3215b74b]" name="Submit_extension_systemstorage" duration-ms="0" started-at="2016-09-02T13:08:52Z" finished-at="2016-09-02T13:08:52Z">
          <reporter-output>
          </reporter-output>
        </test-method> <!-- Submit_extension_systemstorage -->
      </class> <!-- maven_package_1.Test_Submit_Extension_form_systemstorage -->
      <class name="maven_package_2.Test_BlanketMicroflow_linuxOne">
        <test-method status="SKIP" signature="f_BlanketMicroflow_linuxOne()[pri:0, instance:maven_package_2.Test_BlanketMicroflow_linuxOne@7a587427]" name="f_BlanketMicroflow_linuxOne" duration-ms="0" started-at="2016-09-02T13:08:52Z" finished-at="2016-09-02T13:08:52Z">
          <reporter-output>
          </reporter-output>
        </test-method> <!-- f_BlanketMicroflow_linuxOne -->
      </class> <!-- maven_package_2.Test_BlanketMicroflow_linuxOne -->
      <class name="maven_package_1.Test_Update_LinuxONE">
        <test-method status="SKIP" signature="test_upd_from_app_linuxone()[pri:0, instance:maven_package_1.Test_Update_LinuxONE@2fb4b69d]" name="test_upd_from_app_linuxone" duration-ms="0" started-at="2016-09-02T13:08:52Z" finished-at="2016-09-02T13:08:52Z">
          <reporter-output>
          </reporter-output>
        </test-method> <!-- test_upd_from_app_linuxone -->
      </class> <!-- maven_package_1.Test_Update_LinuxONE -->
      <class name="maven_package_2.Test_proxy_voting_linuxOne">
        <test-method status="SKIP" signature="f_proxy_voting_linuxOne()[pri:0, instance:maven_package_2.Test_proxy_voting_linuxOne@34985fc6]" name="f_proxy_voting_linuxOne" duration-ms="0" started-at="2016-09-02T13:08:52Z" finished-at="2016-09-02T13:08:52Z">
          <reporter-output>
          </reporter-output>
        </test-method> <!-- f_proxy_voting_linuxOne -->
      </class> <!-- maven_package_2.Test_proxy_voting_linuxOne -->
      <class name="maven_package_2.TestCase2842">
        <test-method status="SKIP" signature="f_2842()[pri:0, instance:maven_package_2.TestCase2842@1117ae94]" name="f_2842" duration-ms="0" started-at="2016-09-02T13:08:52Z" finished-at="2016-09-02T13:08:52Z">
          <reporter-output>
          </reporter-output>
        </test-method> <!-- f_2842 -->
      </class> <!-- maven_package_2.TestCase2842 -->
      <class name="maven_package_2.TestCase3497_power">
        <test-method status="SKIP" signature="f_3497_power()[pri:0, instance:maven_package_2.TestCase3497_power@5f41ab78]" name="f_3497_power" duration-ms="0" started-at="2016-09-02T13:08:52Z" finished-at="2016-09-02T13:08:52Z">
          <reporter-output>
          </reporter-output>
        </test-method> <!-- f_3497_power -->
      </class> <!-- maven_package_2.TestCase3497_power -->
      <class name="maven_package_2.TestAddComment">
        <test-method status="SKIP" signature="f()[pri:0, instance:maven_package_2.TestAddComment@692744d3]" name="f" duration-ms="0" started-at="2016-09-02T13:08:52Z" finished-at="2016-09-02T13:08:52Z">
          <reporter-output>
          </reporter-output>
        </test-method> <!-- f -->
      </class> <!-- maven_package_2.TestAddComment -->
      <class name="maven_package_2.TestCase2842_power">
        <test-method status="SKIP" signature="f_2842_power()[pri:0, instance:maven_package_2.TestCase2842_power@26d0729d]" name="f_2842_power" duration-ms="0" started-at="2016-09-02T13:08:52Z" finished-at="2016-09-02T13:08:52Z">
          <reporter-output>
          </reporter-output>
        </test-method> <!-- f_2842_power -->
      </class> <!-- maven_package_2.TestCase2842_power -->
      <class name="maven_package_2.TestCase3497">
        <test-method status="SKIP" signature="f_3497()[pri:0, instance:maven_package_2.TestCase3497@3f14b553]" name="f_3497" duration-ms="0" started-at="2016-09-02T13:08:52Z" finished-at="2016-09-02T13:08:52Z">
          <reporter-output>
          </reporter-output>
        </test-method> <!-- f_3497 -->
      </class> <!-- maven_package_2.TestCase3497 -->
      <class name="maven_package_2.Test_BlanketMicroflow">
        <test-method status="SKIP" signature="f_BlanketMicroflow()[pri:0, instance:maven_package_2.Test_BlanketMicroflow@10fd9d27]" name="f_BlanketMicroflow" duration-ms="0" started-at="2016-09-02T13:08:52Z" finished-at="2016-09-02T13:08:52Z">
          <reporter-output>
          </reporter-output>
        </test-method> <!-- f_BlanketMicroflow -->
      </class> <!-- maven_package_2.Test_BlanketMicroflow -->
      <class name="maven_package_1.Test_GPP_Validation_Power_System">
        <test-method status="SKIP" signature="login_bp(org.openqa.selenium.WebDriver)[pri:0, instance:maven_package_1.Test_GPP_Validation_Power_System@68a614a4]" name="login_bp" duration-ms="0" started-at="2016-09-02T13:08:52Z" finished-at="2016-09-02T13:08:52Z">
          <exception class="org.testng.TestNGException">
            <message>
              <![CDATA[
Method login_bp requires 1 parameters but 0 were supplied in the @Test annotation.]]>
            </message>
            <full-stacktrace>
              <![CDATA[org.testng.TestNGException: 
Method login_bp requires 1 parameters but 0 were supplied in the @Test annotation.
	at org.testng.internal.Parameters.checkParameterTypes(Parameters.java:191)
	at org.testng.internal.Parameters.createParameters(Parameters.java:127)
	at org.testng.internal.Parameters.createParameters(Parameters.java:376)
	at org.testng.internal.Parameters.handleParameters(Parameters.java:451)
	at org.testng.internal.Invoker.handleParameters(Invoker.java:1274)
	at org.testng.internal.Invoker.createParameters(Invoker.java:989)
	at org.testng.internal.Invoker.invokeTestMethods(Invoker.java:1079)
	at org.testng.internal.TestMethodWorker.invokeTestMethods(TestMethodWorker.java:129)
	at org.testng.internal.TestMethodWorker.run(TestMethodWorker.java:112)
	at org.testng.TestRunner.privateRun(TestRunner.java:782)
	at org.testng.TestRunner.run(TestRunner.java:632)
	at org.testng.SuiteRunner.runTest(SuiteRunner.java:366)
	at org.testng.SuiteRunner.runSequentially(SuiteRunner.java:361)
	at org.testng.SuiteRunner.privateRun(SuiteRunner.java:319)
	at org.testng.SuiteRunner.run(SuiteRunner.java:268)
	at org.testng.SuiteRunnerWorker.runSuite(SuiteRunnerWorker.java:52)
	at org.testng.SuiteRunnerWorker.run(SuiteRunnerWorker.java:86)
	at org.testng.TestNG.runSuitesSequentially(TestNG.java:1244)
	at org.testng.TestNG.runSuitesLocally(TestNG.java:1169)
	at org.testng.TestNG.run(TestNG.java:1064)
	at org.apache.maven.surefire.testng.TestNGExecutor.run(TestNGExecutor.java:77)
	at org.apache.maven.surefire.testng.TestNGDirectoryTestSuite.executeMulti(TestNGDirectoryTestSuite.java:159)
	at org.apache.maven.surefire.testng.TestNGDirectoryTestSuite.execute(TestNGDirectoryTestSuite.java:99)
	at org.apache.maven.surefire.testng.TestNGProvider.invoke(TestNGProvider.java:106)
	at sun.reflect.NativeMethodAccessorImpl.invoke0(Native Method)
	at sun.reflect.NativeMethodAccessorImpl.invoke(NativeMethodAccessorImpl.java:57)
	at sun.reflect.DelegatingMethodAccessorImpl.invoke(DelegatingMethodAccessorImpl.java:43)
	at java.lang.reflect.Method.invoke(Method.java:606)
	at org.apache.maven.surefire.util.ReflectionUtils.invokeMethodWithArray(ReflectionUtils.java:189)
	at org.apache.maven.surefire.booter.ProviderFactory$ProviderProxy.invoke(ProviderFactory.java:165)
	at org.apache.maven.surefire.booter.ProviderFactory.invokeProvider(ProviderFactory.java:85)
	at org.apache.maven.surefire.booter.ForkedBooter.runSuitesInProcess(ForkedBooter.java:115)
	at org.apache.maven.surefire.booter.ForkedBooter.main(ForkedBooter.java:75)
]]>
            </full-stacktrace>
          </exception> <!-- org.testng.TestNGException -->
          <reporter-output>
          </reporter-output>
        </test-method> <!-- login_bp -->
        <test-method status="SKIP" signature="gpp_validation()[pri:0, instance:maven_package_1.Test_GPP_Validation_Power_System@68a614a4]" name="gpp_validation" duration-ms="0" started-at="2016-09-02T13:08:52Z" finished-at="2016-09-02T13:08:52Z">
          <reporter-output>
          </reporter-output>
        </test-method> <!-- gpp_validation -->
        <test-method status="SKIP" signature="login_w3(org.openqa.selenium.WebDriver)[pri:0, instance:maven_package_1.Test_GPP_Validation_Power_System@68a614a4]" name="login_w3" duration-ms="0" started-at="2016-09-02T13:08:52Z" finished-at="2016-09-02T13:08:52Z">
          <exception class="org.testng.TestNGException">
            <message>
              <![CDATA[
Method login_w3 requires 1 parameters but 0 were supplied in the @Test annotation.]]>
            </message>
            <full-stacktrace>
              <![CDATA[org.testng.TestNGException: 
Method login_w3 requires 1 parameters but 0 were supplied in the @Test annotation.
	at org.testng.internal.Parameters.checkParameterTypes(Parameters.java:191)
	at org.testng.internal.Parameters.createParameters(Parameters.java:127)
	at org.testng.internal.Parameters.createParameters(Parameters.java:376)
	at org.testng.internal.Parameters.handleParameters(Parameters.java:451)
	at org.testng.internal.Invoker.handleParameters(Invoker.java:1274)
	at org.testng.internal.Invoker.createParameters(Invoker.java:989)
	at org.testng.internal.Invoker.invokeTestMethods(Invoker.java:1079)
	at org.testng.internal.TestMethodWorker.invokeTestMethods(TestMethodWorker.java:129)
	at org.testng.internal.TestMethodWorker.run(TestMethodWorker.java:112)
	at org.testng.TestRunner.privateRun(TestRunner.java:782)
	at org.testng.TestRunner.run(TestRunner.java:632)
	at org.testng.SuiteRunner.runTest(SuiteRunner.java:366)
	at org.testng.SuiteRunner.runSequentially(SuiteRunner.java:361)
	at org.testng.SuiteRunner.privateRun(SuiteRunner.java:319)
	at org.testng.SuiteRunner.run(SuiteRunner.java:268)
	at org.testng.SuiteRunnerWorker.runSuite(SuiteRunnerWorker.java:52)
	at org.testng.SuiteRunnerWorker.run(SuiteRunnerWorker.java:86)
	at org.testng.TestNG.runSuitesSequentially(TestNG.java:1244)
	at org.testng.TestNG.runSuitesLocally(TestNG.java:1169)
	at org.testng.TestNG.run(TestNG.java:1064)
	at org.apache.maven.surefire.testng.TestNGExecutor.run(TestNGExecutor.java:77)
	at org.apache.maven.surefire.testng.TestNGDirectoryTestSuite.executeMulti(TestNGDirectoryTestSuite.java:159)
	at org.apache.maven.surefire.testng.TestNGDirectoryTestSuite.execute(TestNGDirectoryTestSuite.java:99)
	at org.apache.maven.surefire.testng.TestNGProvider.invoke(TestNGProvider.java:106)
	at sun.reflect.NativeMethodAccessorImpl.invoke0(Native Method)
	at sun.reflect.NativeMethodAccessorImpl.invoke(NativeMethodAccessorImpl.java:57)
	at sun.reflect.DelegatingMethodAccessorImpl.invoke(DelegatingMethodAccessorImpl.java:43)
	at java.lang.reflect.Method.invoke(Method.java:606)
	at org.apache.maven.surefire.util.ReflectionUtils.invokeMethodWithArray(ReflectionUtils.java:189)
	at org.apache.maven.surefire.booter.ProviderFactory$ProviderProxy.invoke(ProviderFactory.java:165)
	at org.apache.maven.surefire.booter.ProviderFactory.invokeProvider(ProviderFactory.java:85)
	at org.apache.maven.surefire.booter.ForkedBooter.runSuitesInProcess(ForkedBooter.java:115)
	at org.apache.maven.surefire.booter.ForkedBooter.main(ForkedBooter.java:75)
]]>
            </full-stacktrace>
          </exception> <!-- org.testng.TestNGException -->
          <reporter-output>
          </reporter-output>
        </test-method> <!-- login_w3 -->
      </class> <!-- maven_package_1.Test_GPP_Validation_Power_System -->
      <class name="maven_package_1.Test_Submit_Extension_form_LinuxONE">
        <test-method status="SKIP" signature="Submit_extension_LinuxONE()[pri:0, instance:maven_package_1.Test_Submit_Extension_form_LinuxONE@642a590d]" name="Submit_extension_LinuxONE" duration-ms="0" started-at="2016-09-02T13:08:52Z" finished-at="2016-09-02T13:08:52Z">
          <reporter-output>
          </reporter-output>
        </test-method> <!-- Submit_extension_LinuxONE -->
      </class> <!-- maven_package_1.Test_Submit_Extension_form_LinuxONE -->
      <class name="maven_package_2.TestCode">
        <test-method status="SKIP" signature="f()[pri:0, instance:maven_package_2.TestCode@4c583f4c]" name="f" duration-ms="0" started-at="2016-09-02T13:08:52Z" finished-at="2016-09-02T13:08:52Z">
          <reporter-output>
          </reporter-output>
        </test-method> <!-- f -->
      </class> <!-- maven_package_2.TestCode -->
      <class name="maven_package_1.Test_Update_Power_system">
        <test-method status="SKIP" signature="test_upd_from_app_PS()[pri:0, instance:maven_package_1.Test_Update_Power_system@14115e3]" name="test_upd_from_app_PS" duration-ms="0" started-at="2016-09-02T13:08:52Z" finished-at="2016-09-02T13:08:52Z">
          <reporter-output>
          </reporter-output>
        </test-method> <!-- test_upd_from_app_PS -->
      </class> <!-- maven_package_1.Test_Update_Power_system -->
    </test> <!-- Command line test -->
  </suite> <!-- Command line suite -->
</testng-results>
