<html>
<head>
<title>TestNG:  FirefoxTest</title>
<link href="../testng.css" rel="stylesheet" type="text/css" />
<link href="../my-testng.css" rel="stylesheet" type="text/css" />

<style type="text/css">
.log { display: none;} 
.stack-trace { display: none;} 
</style>
<script type="text/javascript">
<!--
function flip(e) {
  current = e.style.display;
  if (current == 'block') {
    e.style.display = 'none';
    return 0;
  }
  else {
    e.style.display = 'block';
    return 1;
  }
}

function toggleBox(szDivId, elem, msg1, msg2)
{
  var res = -1;  if (document.getElementById) {
    res = flip(document.getElementById(szDivId));
  }
  else if (document.all) {
    // this is the way old msie versions work
    res = flip(document.all[szDivId]);
  }
  if(elem) {
    if(res == 0) elem.innerHTML = msg1; else elem.innerHTML = msg2;
  }

}

function toggleAllBoxes() {
  if (document.getElementsByTagName) {
    d = document.getElementsByTagName('div');
    for (i = 0; i < d.length; i++) {
      if (d[i].className == 'log') {
        flip(d[i]);
      }
    }
  }
}

// -->
</script>

</head>
<body>
<h2 align='center'>FirefoxTest</h2><table border='1' align="center">
<tr>
<td>Tests passed/Failed/Skipped:</td><td>0/0/1</td>
</tr><tr>
<td>Started on:</td><td>Sun May 17 23:07:30 IST 2015</td>
</tr>
<tr><td>Total time:</td><td>51 seconds (51942 ms)</td>
</tr><tr>
<td>Included groups:</td><td></td>
</tr><tr>
<td>Excluded groups:</td><td></td>
</tr>
</table><p/>
<small><i>(Hover the method name to see the test class name)</i></small><p/>
<table width='100%' border='1' class='invocation-failed'>
<tr><td colspan='4' align='center'><b>FAILED CONFIGURATIONS</b></td></tr>
<tr><td><b>Test method</b></td>
<td width="30%"><b>Exception</b></td>
<td width="10%"><b>Time (seconds)</b></td>
<td><b>Instance</b></td>
</tr>
<tr>
<td title='Maven_package.Test_CrossBrowser.setup()'><b>setup</b><br>Test class: Maven_package.Test_CrossBrowser<br>Parameters: Firefox</td>
<td><div><pre>org.openqa.selenium.WebDriverException: Failed to connect to binary FirefoxBinary(C:\Program Files (x86)\Mozilla Firefox\firefox.exe) on port 7055; process output follows: 
	DEBUG	Save changes
1431884290732	DeferredSave.extensions.json	DEBUG	Save changes
1431884290732	addons.xpi	DEBUG	New add-on ietab@ip.cn installed in app-profile
1431884290733	addons.xpi-utils	DEBUG	Make addon app-profile:ietab@ip.cn visible
1431884290733	DeferredSave.extensions.json	DEBUG	Save changes
1431884290733	DeferredSave.extensions.json	DEBUG	Save changes
1431884290733	addons.xpi	DEBUG	New add-on langpack-en-US@firefox.mozilla.org installed in app-profile
1431884290733	addons.xpi-utils	DEBUG	Make addon app-profile:langpack-en-US@firefox.mozilla.org visible
1431884290733	DeferredSave.extensions.json	DEBUG	Save changes
1431884290733	DeferredSave.extensions.json	DEBUG	Save changes
1431884290736	addons.xpi	DEBUG	New add-on langpack-fr@firefox.mozilla.org installed in app-profile
1431884290736	addons.xpi-utils	DEBUG	Make addon app-profile:langpack-fr@firefox.mozilla.org visible
1431884290736	DeferredSave.extensions.json	DEBUG	Save changes
1431884290736	DeferredSave.extensions.json	DEBUG	Save changes
1431884290736	addons.xpi	DEBUG	New add-on langpack-ja@firefox.mozilla.org installed in app-profile
1431884290736	addons.xpi-utils	DEBUG	Make addon app-profile:langpack-ja@firefox.mozilla.org visible
1431884290736	DeferredSave.extensions.json	DEBUG	Save changes
1431884290736	DeferredSave.extensions.json	DEBUG	Save changes
1431884290737	addons.xpi	DEBUG	New add-on langpack-ko@firefox.mozilla.org installed in app-profile
1431884290737	addons.xpi-utils	DEBUG	Make addon app-profile:langpack-ko@firefox.mozilla.org visible
1431884290737	DeferredSave.extensions.json	DEBUG	Save changes
1431884290737	DeferredSave.extensions.json	DEBUG	Save changes
1431884290737	addons.xpi	DEBUG	New add-on langpack-zh-CN@firefox.mozilla.org installed in app-profile
1431884290737	addons.xpi-utils	DEBUG	Make addon app-profile:langpack-zh-CN@firefox.mozilla.org visible
1431884290737	DeferredSave.extensions.json	DEBUG	Save changes
1431884290737	DeferredSave.extensions.json	DEBUG	Save changes
1431884290738	addons.xpi	DEBUG	New add-on langpack-zh-TW@firefox.mozilla.org installed in app-profile
1431884290738	addons.xpi-utils	DEBUG	Make addon app-profile:langpack-zh-TW@firefox.mozilla.org visible
1431884290738	DeferredSave.extensions.json	DEBUG	Save changes
1431884290738	DeferredSave.extensions.json	DEBUG	Save changes
1431884290738	addons.xpi	DEBUG	New add-on {25A1388B-6B18-46c3-BEBA-A81915D0DE8F} installed in app-profile
1431884290739	addons.xpi-utils	DEBUG	Make addon app-profile:{25A1388B-6B18-46c3-BEBA-A81915D0DE8F} visible
1431884290739	DeferredSave.extensions.json	DEBUG	Save changes
1431884290739	DeferredSave.extensions.json	DEBUG	Save changes
1431884290739	addons.xpi	DEBUG	New add-on {972ce4c6-7e08-4474-a285-3208198ce6fd} installed in app-global
1431884290786	addons.xpi-utils	DEBUG	Make addon app-global:{972ce4c6-7e08-4474-a285-3208198ce6fd} visible
1431884290786	DeferredSave.extensions.json	DEBUG	Save changes
1431884290786	DeferredSave.extensions.json	DEBUG	Save changes
1431884291781	addons.xpi	DEBUG	Updating database with changes to installed add-ons
1431884291781	addons.xpi-utils	DEBUG	Updating add-on states
1431884291786	addons.xpi-utils	DEBUG	Writing add-ons list
1431884293431	DeferredSave.extensions.json	DEBUG	Starting timer
1431884293437	addons.repository	DEBUG	No addons.json found.
1431884293437	DeferredSave.addons.json	DEBUG	Save changes
1431884293457	DeferredSave.addons.json	DEBUG	Starting timer
1431884293464	DeferredSave.extensions.json	DEBUG	Starting write
1431884293535	addons.manager	DEBUG	shutdown
1431884293535	addons.xpi	DEBUG	shutdown
1431884293535	addons.xpi-utils	DEBUG	shutdown
1431884293538	DeferredSave.addons.json	DEBUG	Starting write
1431884293656	DeferredSave.extensions.json	DEBUG	Write succeeded
1431884293657	addons.xpi-utils	DEBUG	XPI Database saved, setting schema version preference to 16
1431884293658	addons.xpi	DEBUG	Notifying XPI shutdown observers
1431884293680	DeferredSave.addons.json	DEBUG	Write succeeded
1431884293681	addons.manager	DEBUG	Async provider shutdown done

Build info: version: &apos;2.45.0&apos;, revision: &apos;5017cb8e7ca8e37638dc3091b2440b90a1d8686f&apos;, time: &apos;2015-02-27 09:10:26&apos;
System info: host: &apos;ADMINIB-D2MM1F7&apos;, ip: &apos;192.168.43.180&apos;, os.name: &apos;Windows 7&apos;, os.arch: &apos;amd64&apos;, os.version: &apos;6.1&apos;, java.version: &apos;1.7.0_51&apos;
Driver info: driver.version: FirefoxDriver
	at org.openqa.selenium.firefox.internal.NewProfileExtensionConnection.start(NewProfileExtensionConnection.java:134)
	at org.openqa.selenium.firefox.FirefoxDriver.startClient(FirefoxDriver.java:246)
	at org.openqa.selenium.remote.RemoteWebDriver.&lt;init&gt;(RemoteWebDriver.java:114)
	at org.openqa.selenium.firefox.FirefoxDriver.&lt;init&gt;(FirefoxDriver.java:191)
	at org.openqa.selenium.firefox.FirefoxDriver.&lt;init&gt;(FirefoxDriver.java:186)
	at org.openqa.selenium.firefox.FirefoxDriver.&lt;init&gt;(FirefoxDriver.java:182)
	at org.openqa.selenium.firefox.FirefoxDriver.&lt;init&gt;(FirefoxDriver.java:95)
	at Maven_package.Test_CrossBrowser.setup(Test_CrossBrowser.java:30)
	at java.util.concurrent.FutureTask.run(Unknown Source)
	at java.util.concurrent.ThreadPoolExecutor.runWorker(Unknown Source)
	at java.util.concurrent.ThreadPoolExecutor$Worker.run(Unknown Source)
	at java.lang.Thread.run(Unknown Source)
Caused by: org.openqa.selenium.WebDriverException: java.lang.InterruptedException: Process timed out after waiting for 45000 ms.
Build info: version: &apos;2.45.0&apos;, revision: &apos;5017cb8e7ca8e37638dc3091b2440b90a1d8686f&apos;, time: &apos;2015-02-27 09:10:26&apos;
System info: host: &apos;ADMINIB-D2MM1F7&apos;, ip: &apos;192.168.43.180&apos;, os.name: &apos;Windows 7&apos;, os.arch: &apos;amd64&apos;, os.version: &apos;6.1&apos;, java.version: &apos;1.7.0_51&apos;
Driver info: driver.version: FirefoxDriver
	at org.openqa.selenium.os.CommandLine.waitFor(CommandLine.java:131)
	at org.openqa.selenium.firefox.FirefoxBinary.waitFor(FirefoxBinary.java:222)
	at org.openqa.selenium.firefox.FirefoxBinary.clean(FirefoxBinary.java:242)
	at org.openqa.selenium.firefox.internal.NewProfileExtensionConnection.start(NewProfileExtensionConnection.java:91)
	... 25 more
Caused by: java.lang.InterruptedException: Process timed out after waiting for 45000 ms.
	at org.openqa.selenium.os.UnixProcess.waitFor(UnixProcess.java:148)
	at org.openqa.selenium.os.CommandLine.waitFor(CommandLine.java:129)
	... 28 more
... Removed 14 stack frames</pre></div><a href='#' onClick='toggleBox("stack-trace56859969", this, "Click to show all stack frames", "Click to hide stack frames")'>Click to show all stack frames</a>
<div class='stack-trace' id='stack-trace56859969'><pre>org.openqa.selenium.WebDriverException: Failed to connect to binary FirefoxBinary(C:\Program Files (x86)\Mozilla Firefox\firefox.exe) on port 7055; process output follows: 
	DEBUG	Save changes
1431884290732	DeferredSave.extensions.json	DEBUG	Save changes
1431884290732	addons.xpi	DEBUG	New add-on ietab@ip.cn installed in app-profile
1431884290733	addons.xpi-utils	DEBUG	Make addon app-profile:ietab@ip.cn visible
1431884290733	DeferredSave.extensions.json	DEBUG	Save changes
1431884290733	DeferredSave.extensions.json	DEBUG	Save changes
1431884290733	addons.xpi	DEBUG	New add-on langpack-en-US@firefox.mozilla.org installed in app-profile
1431884290733	addons.xpi-utils	DEBUG	Make addon app-profile:langpack-en-US@firefox.mozilla.org visible
1431884290733	DeferredSave.extensions.json	DEBUG	Save changes
1431884290733	DeferredSave.extensions.json	DEBUG	Save changes
1431884290736	addons.xpi	DEBUG	New add-on langpack-fr@firefox.mozilla.org installed in app-profile
1431884290736	addons.xpi-utils	DEBUG	Make addon app-profile:langpack-fr@firefox.mozilla.org visible
1431884290736	DeferredSave.extensions.json	DEBUG	Save changes
1431884290736	DeferredSave.extensions.json	DEBUG	Save changes
1431884290736	addons.xpi	DEBUG	New add-on langpack-ja@firefox.mozilla.org installed in app-profile
1431884290736	addons.xpi-utils	DEBUG	Make addon app-profile:langpack-ja@firefox.mozilla.org visible
1431884290736	DeferredSave.extensions.json	DEBUG	Save changes
1431884290736	DeferredSave.extensions.json	DEBUG	Save changes
1431884290737	addons.xpi	DEBUG	New add-on langpack-ko@firefox.mozilla.org installed in app-profile
1431884290737	addons.xpi-utils	DEBUG	Make addon app-profile:langpack-ko@firefox.mozilla.org visible
1431884290737	DeferredSave.extensions.json	DEBUG	Save changes
1431884290737	DeferredSave.extensions.json	DEBUG	Save changes
1431884290737	addons.xpi	DEBUG	New add-on langpack-zh-CN@firefox.mozilla.org installed in app-profile
1431884290737	addons.xpi-utils	DEBUG	Make addon app-profile:langpack-zh-CN@firefox.mozilla.org visible
1431884290737	DeferredSave.extensions.json	DEBUG	Save changes
1431884290737	DeferredSave.extensions.json	DEBUG	Save changes
1431884290738	addons.xpi	DEBUG	New add-on langpack-zh-TW@firefox.mozilla.org installed in app-profile
1431884290738	addons.xpi-utils	DEBUG	Make addon app-profile:langpack-zh-TW@firefox.mozilla.org visible
1431884290738	DeferredSave.extensions.json	DEBUG	Save changes
1431884290738	DeferredSave.extensions.json	DEBUG	Save changes
1431884290738	addons.xpi	DEBUG	New add-on {25A1388B-6B18-46c3-BEBA-A81915D0DE8F} installed in app-profile
1431884290739	addons.xpi-utils	DEBUG	Make addon app-profile:{25A1388B-6B18-46c3-BEBA-A81915D0DE8F} visible
1431884290739	DeferredSave.extensions.json	DEBUG	Save changes
1431884290739	DeferredSave.extensions.json	DEBUG	Save changes
1431884290739	addons.xpi	DEBUG	New add-on {972ce4c6-7e08-4474-a285-3208198ce6fd} installed in app-global
1431884290786	addons.xpi-utils	DEBUG	Make addon app-global:{972ce4c6-7e08-4474-a285-3208198ce6fd} visible
1431884290786	DeferredSave.extensions.json	DEBUG	Save changes
1431884290786	DeferredSave.extensions.json	DEBUG	Save changes
1431884291781	addons.xpi	DEBUG	Updating database with changes to installed add-ons
1431884291781	addons.xpi-utils	DEBUG	Updating add-on states
1431884291786	addons.xpi-utils	DEBUG	Writing add-ons list
1431884293431	DeferredSave.extensions.json	DEBUG	Starting timer
1431884293437	addons.repository	DEBUG	No addons.json found.
1431884293437	DeferredSave.addons.json	DEBUG	Save changes
1431884293457	DeferredSave.addons.json	DEBUG	Starting timer
1431884293464	DeferredSave.extensions.json	DEBUG	Starting write
1431884293535	addons.manager	DEBUG	shutdown
1431884293535	addons.xpi	DEBUG	shutdown
1431884293535	addons.xpi-utils	DEBUG	shutdown
1431884293538	DeferredSave.addons.json	DEBUG	Starting write
1431884293656	DeferredSave.extensions.json	DEBUG	Write succeeded
1431884293657	addons.xpi-utils	DEBUG	XPI Database saved, setting schema version preference to 16
1431884293658	addons.xpi	DEBUG	Notifying XPI shutdown observers
1431884293680	DeferredSave.addons.json	DEBUG	Write succeeded
1431884293681	addons.manager	DEBUG	Async provider shutdown done

Build info: version: &apos;2.45.0&apos;, revision: &apos;5017cb8e7ca8e37638dc3091b2440b90a1d8686f&apos;, time: &apos;2015-02-27 09:10:26&apos;
System info: host: &apos;ADMINIB-D2MM1F7&apos;, ip: &apos;192.168.43.180&apos;, os.name: &apos;Windows 7&apos;, os.arch: &apos;amd64&apos;, os.version: &apos;6.1&apos;, java.version: &apos;1.7.0_51&apos;
Driver info: driver.version: FirefoxDriver
	at org.openqa.selenium.firefox.internal.NewProfileExtensionConnection.start(NewProfileExtensionConnection.java:134)
	at org.openqa.selenium.firefox.FirefoxDriver.startClient(FirefoxDriver.java:246)
	at org.openqa.selenium.remote.RemoteWebDriver.&lt;init&gt;(RemoteWebDriver.java:114)
	at org.openqa.selenium.firefox.FirefoxDriver.&lt;init&gt;(FirefoxDriver.java:191)
	at org.openqa.selenium.firefox.FirefoxDriver.&lt;init&gt;(FirefoxDriver.java:186)
	at org.openqa.selenium.firefox.FirefoxDriver.&lt;init&gt;(FirefoxDriver.java:182)
	at org.openqa.selenium.firefox.FirefoxDriver.&lt;init&gt;(FirefoxDriver.java:95)
	at Maven_package.Test_CrossBrowser.setup(Test_CrossBrowser.java:30)
	at sun.reflect.NativeMethodAccessorImpl.invoke0(Native Method)
	at sun.reflect.NativeMethodAccessorImpl.invoke(Unknown Source)
	at sun.reflect.DelegatingMethodAccessorImpl.invoke(Unknown Source)
	at java.lang.reflect.Method.invoke(Unknown Source)
	at org.testng.internal.MethodInvocationHelper.invokeMethod(MethodInvocationHelper.java:84)
	at org.testng.internal.Invoker.invokeConfigurationMethod(Invoker.java:564)
	at org.testng.internal.Invoker.invokeConfigurations(Invoker.java:213)
	at org.testng.internal.Invoker.invokeConfigurations(Invoker.java:138)
	at org.testng.TestRunner.beforeRun(TestRunner.java:641)
	at org.testng.TestRunner.run(TestRunner.java:609)
	at org.testng.SuiteRunner.runTest(SuiteRunner.java:334)
	at org.testng.SuiteRunner.access$000(SuiteRunner.java:37)
	at org.testng.SuiteRunner$SuiteWorker.run(SuiteRunner.java:368)
	at org.testng.internal.thread.ThreadUtil$2.call(ThreadUtil.java:64)
	at java.util.concurrent.FutureTask.run(Unknown Source)
	at java.util.concurrent.ThreadPoolExecutor.runWorker(Unknown Source)
	at java.util.concurrent.ThreadPoolExecutor$Worker.run(Unknown Source)
	at java.lang.Thread.run(Unknown Source)
Caused by: org.openqa.selenium.WebDriverException: java.lang.InterruptedException: Process timed out after waiting for 45000 ms.
Build info: version: &apos;2.45.0&apos;, revision: &apos;5017cb8e7ca8e37638dc3091b2440b90a1d8686f&apos;, time: &apos;2015-02-27 09:10:26&apos;
System info: host: &apos;ADMINIB-D2MM1F7&apos;, ip: &apos;192.168.43.180&apos;, os.name: &apos;Windows 7&apos;, os.arch: &apos;amd64&apos;, os.version: &apos;6.1&apos;, java.version: &apos;1.7.0_51&apos;
Driver info: driver.version: FirefoxDriver
	at org.openqa.selenium.os.CommandLine.waitFor(CommandLine.java:131)
	at org.openqa.selenium.firefox.FirefoxBinary.waitFor(FirefoxBinary.java:222)
	at org.openqa.selenium.firefox.FirefoxBinary.clean(FirefoxBinary.java:242)
	at org.openqa.selenium.firefox.internal.NewProfileExtensionConnection.start(NewProfileExtensionConnection.java:91)
	... 25 more
Caused by: java.lang.InterruptedException: Process timed out after waiting for 45000 ms.
	at org.openqa.selenium.os.UnixProcess.waitFor(UnixProcess.java:148)
	at org.openqa.selenium.os.CommandLine.waitFor(CommandLine.java:129)
	... 28 more
</pre></div></td>
<td>0</td>
<td>null</td></tr>
</table><p>
<table width='100%' border='1' class='invocation-skipped'>
<tr><td colspan='4' align='center'><b>SKIPPED TESTS</b></td></tr>
<tr><td><b>Test method</b></td>
<td width="30%"><b>Exception</b></td>
<td width="10%"><b>Time (seconds)</b></td>
<td><b>Instance</b></td>
</tr>
<tr>
<td title='Maven_package.Test_CrossBrowser.testParameterWithXML()'><b>testParameterWithXML</b><br>Test class: Maven_package.Test_CrossBrowser</td>
<td></td>
<td>0</td>
<td>Maven_package.Test_CrossBrowser@409e37d7</td></tr>
</table><p>
</body>
</html>